-------------------- Log Start | Sat Dec  9 12:18:13 2023 --------------------
data_path: /home/pi/printer_data
is_default_data_path: False
config_file: /home/pi/printer_data/config/moonraker.conf
startup_warnings: []
verbose: False
debug: False
asyncio_debug: False
is_backup_config: False
is_python_package: False
instance_uuid: ae9facf950dc4d87bb114774772b309b
unix_socket_path: /home/pi/printer_data/comms/moonraker.sock
software_version: v0.8.0-206-g9ad8fed
git_branch: master
git_remote: origin
git_repo_url: https://github.com/Arksine/moonraker.git
modified_files: []
unofficial_components: []
log_file: /home/pi/printer_data/logs/moonraker.log
python_version: 3.9.2 (default, Feb 28 2021, 17:03:44)  [GCC 10.2.1 20210110]
msgspec_enabled: False
uvloop_enabled: False

#################### Moonraker Configuration ####################

[server]
host = 0.0.0.0
port = 7125
klippy_uds_address = /home/pi/printer_data/comms/klippy.sock

[authorization]
trusted_clients = 
	10.0.0.0/8
	127.0.0.0/8
	169.254.0.0/16
	172.16.0.0/12
	192.168.0.0/16
	FE80::/10
	::1/128
cors_domains = 
	*.lan
	*.local
	*://localhost
	*://localhost:*
	*://my.mainsail.xyz
	*://app.fluidd.xyz

[octoprint_compat]

[history]

[file_manager]
enable_object_processing = True

[update_manager]
channel = dev
refresh_interval = 168

[update_manager mainsail]
type = web
channel = stable
repo = mainsail-crew/mainsail
path = ~/mainsail

[update_manager crowsnest]
type = git_repo
path = ~/crowsnest
origin = https://github.com/mainsail-crew/crowsnest.git
install_script = tools/pkglist.sh

[update_manager canboot]
type = git_repo
origin = https://github.com/Arksine/CanBoot.git
path = ~/CanBoot
is_system_service = False

[update_manager client klipper-backup]
type = git_repo
path = ~/klipper-backup
origin = https://github.com/Staubgeborener/klipper-backup.git
install_script = install.sh
is_system_service = False
primary_branch = main

#################################################################
All Configuration Files:
/home/pi/printer_data/config/moonraker.conf
#################################################################
Unsafe Shutdown Count: 3

System Info:

***python***
  version: (3, 9, 2, 'final', 0)
  version_string: 3.9.2 (default, Feb 28 2021, 17:03:44)  [GCC 10.2.1 20210110]

***cpu_info***
  cpu_count: 4
  bits: 64bit
  processor: aarch64
  cpu_desc: 
  serial_number: 10000000718bc392
  hardware_desc: BCM2835
  model: Raspberry Pi Compute Module 4 Rev 1.0
  total_memory: 3705528
  memory_units: kB

***sd_info***
  manufacturer_id: 15
  manufacturer: Unknown
  oem_id: 0100
  product_name: BJTD4
  product_revision: 5.2
  serial_number: 033043b6
  manufacturer_date: 7/2172
  capacity: Unknown
  total_bytes: 0

***distribution***
  name: Debian GNU/Linux 11 (bullseye)
  id: debian
  version: 11
  version_parts: {'major': '11', 'minor': '', 'build_number': ''}
  like: 
  codename: bullseye
  release_info: {}

***virtualization***
  virt_type: none
  virt_identifier: none

***network***

***canbus***

***Allowed Services***
  klipper_mcu
  webcamd
  MoonCord
  KlipperScreen
  moonraker-telegram-bot
  moonraker-obico
  sonar
  crowsnest
  octoeverywhere
  ratos-configurator

Systemd unit moonraker.service:
unit_name: moonraker.service
is_default: True
manager: systemd
Properties:
**Requires=['network-online.target', 'sysinit.target', 'system.slice', '-.mount']
**After=['systemd-journald.socket', 'sysinit.target', 'system.slice', 'klipper.service', 'network-online.target', 'basic.target', '-.mount']
**SupplementaryGroups=['moonraker-admin']
**EnvironmentFiles=/home/pi/printer_data/systemd/moonraker.env
**ExecStart=/home/pi/moonraker-env/bin/python $MOONRAKER_ARGS
**WorkingDirectory=/home/pi/moonraker
**FragmentPath=/etc/systemd/system/moonraker.service
**Description=API Server for Klipper SV1
**User=pi

Systemd unit klipper.service:
unit_name: klipper.service
is_default: True
manager: systemd
Properties:
**Requires=['sysinit.target', '-.mount', 'system.slice']
**After=['basic.target', 'system.slice', '-.mount', 'sysinit.target', 'systemd-journald.socket', 'network-online.target']
**SupplementaryGroups=[]
**EnvironmentFiles=/home/pi/printer_data/systemd/klipper.env
**ExecStart=/home/pi/klippy-env/bin/python $KLIPPER_ARGS
**WorkingDirectory=/home/pi/klipper
**FragmentPath=/etc/systemd/system/klipper.service
**Description=Klipper 3D Printer Firmware SV1
**User=pi
Git Repo moonraker: No warnings detected
Git Repo klipper: Warnings detected:
  Repo has untracked source files: ['klippy/extras/gcode_shell_command.py']
Git Repo crowsnest: No warnings detected
Git Repo canboot: No warnings detected
Git Repo klipper-backup: Warnings detected:
  Unofficial remote url: https://github.com/JosephBlanz/V2.4-backup.git
Klipper Version: v0.12.0-12-g38221df8-dirty
2023-12-09 12:18:13,483 [authorization.py:_prune_conn_handler()] - Trusted Connection Expired, IP: 192.168.2.177
2023-12-09 12:26:29,264 [authorization.py:_check_trusted_connection()] - Trusted Connection Detected, IP: 192.168.2.129
2023-12-09 12:26:29,267 [app.py:log_request()] - 101 GET /websocket (192.168.2.129) [_TRUSTED_USER_] 5.74ms
2023-12-09 12:26:29,268 [websockets.py:open()] - Websocket Opened: ID: 548382399264, Proxied: True, User Agent: Mozilla/5.0 (Macintosh; Intel Mac OS X 10_15_7) AppleWebKit/605.1.15 (KHTML, like Gecko) Version/17.1 Safari/605.1.15, Host Name: 192.168.2.173
2023-12-09 12:26:29,283 [websockets.py:_handle_identify()] - Websocket 548382399264 Client Identified - Name: mainsail, Version: 2.8.0, Type: web
2023-12-09 12:26:35,025 [app.py:log_request()] - 101 GET /websocket (192.168.2.129) [_TRUSTED_USER_] 6.38ms
2023-12-09 12:26:35,026 [websockets.py:open()] - Websocket Opened: ID: 548381715904, Proxied: True, User Agent: BBL-Slicer/v01.07.04.52 (dark) Mozilla/5.0 (Macintosh; Intel Mac OS X 10_15_7) AppleWebKit/605.1.15 (KHTML, like Gecko), Host Name: 192.168.2.173
2023-12-09 12:26:35,033 [websockets.py:_handle_identify()] - Websocket 548381715904 Client Identified - Name: mainsail, Version: 2.8.0, Type: web
2023-12-09 12:27:45,558 [app.py:prepare()] - Upload Request Received from 192.168.2.129
Content-Type: multipart/form-data; boundary=------------------------43ec8933a922b9be
2023-12-09 12:27:45,624 [app.py:post()] - Processing Uploaded File: Body1_ABS_2h19m.gcode
2023-12-09 12:27:45,968 [shell_command.py:pipe_data_received()] - INFO:metadata:Object Processing is enabled

2023-12-09 12:27:45,977 [shell_command.py:pipe_data_received()] - INFO:metadata:File 'Body1_ABS_2h19m.gcode' currently supports cancellation, processing aborted

2023-12-09 12:27:46,100 [shell_command.py:_check_proc_success()] - Command (/home/pi/moonraker-env/bin/python /home/pi/moonraker/moonraker/components/file_manager/metadata.py -p /home/pi/printer_data/gcodes -f "Body1_ABS_2h19m.gcode" --check-objects) successfully finished
2023-12-09 12:27:46,105 [app.py:log_request()] - 201 POST /api/files/local (192.168.2.129) [_TRUSTED_USER_] 548.75ms
2023-12-09 12:27:58,250 [job_state.py:_status_update()] - Job Started: Body1_ABS_2h19m.gcode
2023-12-09 12:31:09,250 [job_state.py:_status_update()] - Job Started: Body1_ABS_2h19m.gcode
2023-12-09 12:57:22,075 [websockets.py:write_to_socket()] - Websocket closed while writing: 548382817488
2023-12-09 12:57:26,919 [websockets.py:on_close()] - Websocket Closed: ID: 548382817488 Close Code: None, Close Reason: None, Pong Time Elapsed: 45.00
2023-12-09 12:57:58,567 [authorization.py:_check_trusted_connection()] - Trusted Connection Detected, IP: 192.168.2.177
2023-12-09 12:57:58,569 [app.py:log_request()] - 101 GET /websocket (192.168.2.177) [_TRUSTED_USER_] 4.59ms
2023-12-09 12:57:58,569 [websockets.py:open()] - Websocket Opened: ID: 548355879456, Proxied: True, User Agent: Mozilla/5.0 (Macintosh; Intel Mac OS X 10_15_7) AppleWebKit/605.1.15 (KHTML, like Gecko) Version/17.1 Safari/605.1.15, Host Name: 192.168.2.173
2023-12-09 12:57:58,576 [websockets.py:_handle_identify()] - Websocket 548355879456 Client Identified - Name: mainsail, Version: 2.8.0, Type: web
2023-12-09 12:58:28,818 [websockets.py:write_to_socket()] - Websocket closed while writing: 548355879456
2023-12-09 12:58:33,573 [websockets.py:on_close()] - Websocket Closed: ID: 548355879456 Close Code: None, Close Reason: None, Pong Time Elapsed: 35.01
2023-12-09 12:59:49,393 [websockets.py:write_to_socket()] - Websocket closed while writing: 548382399264
2023-12-09 12:59:54,271 [websockets.py:on_close()] - Websocket Closed: ID: 548382399264 Close Code: None, Close Reason: None, Pong Time Elapsed: 45.00
2023-12-09 12:59:55,156 [websockets.py:write_to_socket()] - Websocket closed while writing: 548381715904
2023-12-09 13:00:00,030 [websockets.py:on_close()] - Websocket Closed: ID: 548381715904 Close Code: None, Close Reason: None, Pong Time Elapsed: 45.00
2023-12-09 13:14:15,061 [app.py:log_request()] - 101 GET /websocket (192.168.2.129) [_TRUSTED_USER_] 7.34ms
2023-12-09 13:14:15,062 [websockets.py:open()] - Websocket Opened: ID: 548382399216, Proxied: True, User Agent: BBL-Slicer/v01.07.04.52 (dark) Mozilla/5.0 (Macintosh; Intel Mac OS X 10_15_7) AppleWebKit/605.1.15 (KHTML, like Gecko), Host Name: 192.168.2.173
2023-12-09 13:14:15,070 [websockets.py:_handle_identify()] - Websocket 548382399216 Client Identified - Name: mainsail, Version: 2.8.0, Type: web
2023-12-09 13:14:16,373 [app.py:log_request()] - 101 GET /websocket (192.168.2.129) [_TRUSTED_USER_] 2.27ms
2023-12-09 13:14:16,373 [websockets.py:open()] - Websocket Opened: ID: 548381716384, Proxied: True, User Agent: Mozilla/5.0 (Macintosh; Intel Mac OS X 10_15_7) AppleWebKit/605.1.15 (KHTML, like Gecko) Version/17.1 Safari/605.1.15, Host Name: 192.168.2.173
2023-12-09 13:14:16,378 [websockets.py:_handle_identify()] - Websocket 548381716384 Client Identified - Name: mainsail, Version: 2.8.0, Type: web
2023-12-09 13:19:35,110 [websockets.py:write_to_socket()] - Websocket closed while writing: 548382399216
2023-12-09 13:19:36,613 [websockets.py:write_to_socket()] - Websocket closed while writing: 548381716384
2023-12-09 13:19:40,066 [websockets.py:on_close()] - Websocket Closed: ID: 548382399216 Close Code: None, Close Reason: None, Pong Time Elapsed: 45.00
2023-12-09 13:19:41,378 [websockets.py:on_close()] - Websocket Closed: ID: 548381716384 Close Code: None, Close Reason: None, Pong Time Elapsed: 45.00
2023-12-09 13:20:18,357 [app.py:log_request()] - 101 GET /websocket (192.168.2.129) [_TRUSTED_USER_] 3.76ms
2023-12-09 13:20:18,358 [websockets.py:open()] - Websocket Opened: ID: 548382399216, Proxied: True, User Agent: Mozilla/5.0 (Macintosh; Intel Mac OS X 10_15_7) AppleWebKit/605.1.15 (KHTML, like Gecko) Version/17.1 Safari/605.1.15, Host Name: 192.168.2.173
2023-12-09 13:20:18,440 [websockets.py:_handle_identify()] - Websocket 548382399216 Client Identified - Name: mainsail, Version: 2.8.0, Type: web
2023-12-09 13:20:48,374 [websockets.py:write_to_socket()] - Websocket closed while writing: 548382399216
2023-12-09 13:20:53,360 [websockets.py:on_close()] - Websocket Closed: ID: 548382399216 Close Code: None, Close Reason: None, Pong Time Elapsed: 35.01
2023-12-09 13:49:23,084 [app.py:log_request()] - 101 GET /websocket (192.168.2.129) [_TRUSTED_USER_] 6.00ms
2023-12-09 13:49:23,085 [websockets.py:open()] - Websocket Opened: ID: 548382399936, Proxied: True, User Agent: Mozilla/5.0 (Macintosh; Intel Mac OS X 10_15_7) AppleWebKit/605.1.15 (KHTML, like Gecko) Version/17.1 Safari/605.1.15, Host Name: 192.168.2.173
2023-12-09 13:49:23,294 [websockets.py:_handle_identify()] - Websocket 548382399936 Client Identified - Name: mainsail, Version: 2.8.0, Type: web
2023-12-09 13:53:43,215 [websockets.py:write_to_socket()] - Websocket closed while writing: 548382399936
2023-12-09 13:53:48,088 [websockets.py:on_close()] - Websocket Closed: ID: 548382399936 Close Code: None, Close Reason: None, Pong Time Elapsed: 45.00
2023-12-09 13:58:13,508 [authorization.py:_prune_conn_handler()] - Trusted Connection Expired, IP: 192.168.2.177
2023-12-09 14:09:15,695 [app.py:log_request()] - 101 GET /websocket (192.168.2.129) [_TRUSTED_USER_] 5.97ms
2023-12-09 14:09:15,696 [websockets.py:open()] - Websocket Opened: ID: 548382399840, Proxied: True, User Agent: Mozilla/5.0 (Macintosh; Intel Mac OS X 10_15_7) AppleWebKit/605.1.15 (KHTML, like Gecko) Version/17.1 Safari/605.1.15, Host Name: 192.168.2.173
2023-12-09 14:09:15,910 [websockets.py:_handle_identify()] - Websocket 548382399840 Client Identified - Name: mainsail, Version: 2.8.0, Type: web
2023-12-09 14:10:15,844 [websockets.py:write_to_socket()] - Websocket closed while writing: 548382399840
2023-12-09 14:10:20,702 [websockets.py:on_close()] - Websocket Closed: ID: 548382399840 Close Code: None, Close Reason: None, Pong Time Elapsed: 45.00
2023-12-09 14:27:17,808 [app.py:log_request()] - 101 GET /websocket (192.168.2.129) [_TRUSTED_USER_] 7.07ms
2023-12-09 14:27:17,809 [websockets.py:open()] - Websocket Opened: ID: 548381715808, Proxied: True, User Agent: Mozilla/5.0 (Macintosh; Intel Mac OS X 10_15_7) AppleWebKit/605.1.15 (KHTML, like Gecko) Version/17.1 Safari/605.1.15, Host Name: 192.168.2.173
2023-12-09 14:27:17,877 [websockets.py:_handle_identify()] - Websocket 548381715808 Client Identified - Name: mainsail, Version: 2.8.0, Type: web
2023-12-09 14:27:47,962 [websockets.py:write_to_socket()] - Websocket closed while writing: 548381715808
2023-12-09 14:27:52,814 [websockets.py:on_close()] - Websocket Closed: ID: 548381715808 Close Code: None, Close Reason: None, Pong Time Elapsed: 35.01
2023-12-09 15:26:48,976 [app.py:log_request()] - 101 GET /websocket (192.168.2.129) [_TRUSTED_USER_] 6.11ms
2023-12-09 15:26:48,977 [websockets.py:open()] - Websocket Opened: ID: 548381713312, Proxied: True, User Agent: Mozilla/5.0 (Macintosh; Intel Mac OS X 10_15_7) AppleWebKit/605.1.15 (KHTML, like Gecko) Version/17.1 Safari/605.1.15, Host Name: 192.168.2.173
2023-12-09 15:26:49,046 [websockets.py:_handle_identify()] - Websocket 548381713312 Client Identified - Name: mainsail, Version: 2.8.0, Type: web
2023-12-09 15:28:09,192 [websockets.py:write_to_socket()] - Websocket closed while writing: 548381713312
2023-12-09 15:28:13,980 [websockets.py:on_close()] - Websocket Closed: ID: 548381713312 Close Code: None, Close Reason: None, Pong Time Elapsed: 45.00
2023-12-09 15:43:19,751 [app.py:log_request()] - 101 GET /websocket (192.168.2.129) [_TRUSTED_USER_] 6.23ms
2023-12-09 15:43:19,752 [websockets.py:open()] - Websocket Opened: ID: 548355653696, Proxied: True, User Agent: Mozilla/5.0 (Macintosh; Intel Mac OS X 10_15_7) AppleWebKit/605.1.15 (KHTML, like Gecko) Version/17.1 Safari/605.1.15, Host Name: 192.168.2.173
2023-12-09 15:43:19,978 [websockets.py:_handle_identify()] - Websocket 548355653696 Client Identified - Name: mainsail, Version: 2.8.0, Type: web
2023-12-09 15:44:19,978 [websockets.py:write_to_socket()] - Websocket closed while writing: 548355653696
2023-12-09 15:44:24,756 [websockets.py:on_close()] - Websocket Closed: ID: 548355653696 Close Code: None, Close Reason: None, Pong Time Elapsed: 45.00
2023-12-09 15:59:38,475 [app.py:log_request()] - 101 GET /websocket (192.168.2.129) [_TRUSTED_USER_] 6.99ms
2023-12-09 15:59:38,477 [websockets.py:open()] - Websocket Opened: ID: 548381715424, Proxied: True, User Agent: Mozilla/5.0 (Macintosh; Intel Mac OS X 10_15_7) AppleWebKit/605.1.15 (KHTML, like Gecko) Version/17.1 Safari/605.1.15, Host Name: 192.168.2.173
2023-12-09 15:59:38,544 [websockets.py:_handle_identify()] - Websocket 548381715424 Client Identified - Name: mainsail, Version: 2.8.0, Type: web
2023-12-09 16:04:08,717 [websockets.py:write_to_socket()] - Websocket closed while writing: 548381715424
2023-12-09 16:04:13,481 [websockets.py:on_close()] - Websocket Closed: ID: 548381715424 Close Code: None, Close Reason: None, Pong Time Elapsed: 45.00
2023-12-09 16:21:43,051 [app.py:log_request()] - 101 GET /websocket (192.168.2.129) [_TRUSTED_USER_] 6.01ms
2023-12-09 16:21:43,052 [websockets.py:open()] - Websocket Opened: ID: 548382399984, Proxied: True, User Agent: Mozilla/5.0 (Macintosh; Intel Mac OS X 10_15_7) AppleWebKit/605.1.15 (KHTML, like Gecko) Version/17.1 Safari/605.1.15, Host Name: 192.168.2.173
2023-12-09 16:21:43,252 [websockets.py:_handle_identify()] - Websocket 548382399984 Client Identified - Name: mainsail, Version: 2.8.0, Type: web
2023-12-09 16:25:33,238 [websockets.py:write_to_socket()] - Websocket closed while writing: 548382399984
2023-12-09 16:25:38,058 [websockets.py:on_close()] - Websocket Closed: ID: 548382399984 Close Code: None, Close Reason: None, Pong Time Elapsed: 45.00
