-------------------- Log Start | Tue Sep 12 16:15:52 2023 --------------------
data_path: /home/pi/printer_data
is_default_data_path: False
config_file: /home/pi/printer_data/config/moonraker.conf
startup_warnings: []
verbose: False
debug: False
asyncio_debug: False
is_backup_config: False
is_python_package: False
instance_uuid: ae9facf950dc4d87bb114774772b309b
unix_socket_path: /home/pi/printer_data/comms/moonraker.sock
software_version: v0.8.0-138-gfe12095
git_branch: master
git_remote: origin
git_repo_url: https://github.com/Arksine/moonraker.git
modified_files: []
unofficial_components: []
log_file: /home/pi/printer_data/logs/moonraker.log
python_version: 3.9.2 (default, Feb 28 2021, 17:03:44)  [GCC 10.2.1 20210110]

#################### Moonraker Configuration ####################

[server]
host = 0.0.0.0
port = 7125
klippy_uds_address = /home/pi/printer_data/comms/klippy.sock

[authorization]
trusted_clients = 
	10.0.0.0/8
	127.0.0.0/8
	169.254.0.0/16
	172.16.0.0/12
	192.168.0.0/16
	FE80::/10
	::1/128
cors_domains = 
	*.lan
	*.local
	*://localhost
	*://localhost:*
	*://my.mainsail.xyz
	*://app.fluidd.xyz

[octoprint_compat]

[history]

[update_manager]
channel = dev
refresh_interval = 168

[update_manager mainsail-config]
type = git_repo
primary_branch = master
path = ~/mainsail-config
origin = https://github.com/mainsail-crew/mainsail-config.git
managed_services = klipper

[update_manager mainsail]
type = web
channel = stable
repo = mainsail-crew/mainsail
path = ~/mainsail

[update_manager crowsnest]
type = git_repo
path = ~/crowsnest
origin = https://github.com/mainsail-crew/crowsnest.git
managed_services = crowsnest
install_script = tools/pkglist.sh

[update_manager canboot]
type = git_repo
origin = https://github.com/Arksine/CanBoot.git
path = ~/CanBoot
is_system_service = False

[update_manager client klipper-backup]
type = git_repo
path = ~/klipper-backup
origin = https://github.com/Staubgeborener/klipper-backup.git
install_script = install.sh
is_system_service = False
primary_branch = main

#################################################################
All Configuration Files:
/home/pi/printer_data/config/moonraker.conf
#################################################################
Unsafe Shutdown Count: 0

System Info:

***python***
  version: sys.version_info(major=3, minor=9, micro=2, releaselevel='final', serial=0)
  version_string: 3.9.2 (default, Feb 28 2021, 17:03:44)  [GCC 10.2.1 20210110]

***cpu_info***
  cpu_count: 4
  bits: 64bit
  processor: aarch64
  cpu_desc: 
  serial_number: 10000000718bc392
  hardware_desc: BCM2835
  model: Raspberry Pi Compute Module 4 Rev 1.0
  total_memory: 3705528
  memory_units: kB

***sd_info***
  manufacturer_id: 15
  manufacturer: Unknown
  oem_id: 0100
  product_name: BJTD4
  product_revision: 5.2
  serial_number: 033043b6
  manufacturer_date: 7/2172
  capacity: Unknown
  total_bytes: 0

***distribution***
  name: Debian GNU/Linux 11 (bullseye)
  id: debian
  version: 11
  version_parts: {'major': '11', 'minor': '', 'build_number': ''}
  like: 
  codename: bullseye
  release_info: {}

***virtualization***
  virt_type: none
  virt_identifier: none

***network***

***canbus***

***Allowed Services***
  klipper_mcu
  webcamd
  MoonCord
  KlipperScreen
  moonraker-telegram-bot
  moonraker-obico
  sonar
  crowsnest
  octoeverywhere
  ratos-configurator

Systemd unit moonraker.service:
unit_name: moonraker.service
is_default: True
manager: systemd
Properties:
**Requires=['-.mount', 'sysinit.target', 'system.slice', 'network-online.target']
**After=['-.mount', 'sysinit.target', 'basic.target', 'systemd-journald.socket', 'system.slice', 'network-online.target']
**SupplementaryGroups=['moonraker-admin']
**EnvironmentFiles=/home/pi/printer_data/systemd/moonraker.env
**ExecStart=/home/pi/moonraker-env/bin/python $MOONRAKER_ARGS
**WorkingDirectory=/home/pi/moonraker
**FragmentPath=/etc/systemd/system/moonraker.service
**Description=API Server for Klipper SV1
**User=pi

Systemd unit klipper.service:
unit_name: klipper.service
is_default: True
manager: systemd
Properties:
**Requires=['-.mount', 'sysinit.target', 'system.slice']
**After=['basic.target', 'systemd-journald.socket', '-.mount', 'system.slice', 'network-online.target', 'sysinit.target']
**SupplementaryGroups=[]
**EnvironmentFiles=/home/pi/printer_data/systemd/klipper.env
**ExecStart=/home/pi/klippy-env/bin/python $KLIPPER_ARGS
**WorkingDirectory=/home/pi/klipper
**FragmentPath=/etc/systemd/system/klipper.service
**Description=Klipper 3D Printer Firmware SV1
**User=pi
Git Repo moonraker: No warnings detected
Git Repo klipper: Warnings detected:
  Repo has untracked source files: ['klippy/extras/gcode_shell_command.py']
Git Repo mainsail-config: No warnings detected
Git Repo crowsnest: No warnings detected
Git Repo canboot: No warnings detected
Git Repo klipper-backup: Warnings detected:
  Unofficial remote url: https://github.com/JosephBlanz/V2.4-backup.git
Klipper Version: v0.11.0-271-g5f990f93-dirty
2023-09-12 17:15:52,319 [authorization.py:_check_trusted_connection()] - Trusted Connection Detected, IP: 192.168.2.129
2023-09-12 17:15:52,320 [app.py:log_request()] - 101 GET /websocket (192.168.2.129) [_TRUSTED_USER_] 4.03ms
2023-09-12 17:15:52,321 [websockets.py:open()] - Websocket Opened: ID: 548014351984, Proxied: True, User Agent: Mozilla/5.0 (Macintosh; Intel Mac OS X 10_15_7) AppleWebKit/605.1.15 (KHTML, like Gecko) Version/16.6 Safari/605.1.15, Host Name: 192.168.2.173
2023-09-12 17:15:52,329 [websockets.py:_handle_identify()] - Websocket 548014351984 Client Identified - Name: mainsail, Version: 2.7.1, Type: web
2023-09-12 17:16:44,551 [base_deploy.py:log_info()] - PackageKit: Detected 1 package updates:
libaom0
2023-09-12 17:16:44,570 [shell_command.py:_check_proc_success()] - Command (git -C /home/pi/moonraker status --porcelain -b) successfully finished
2023-09-12 17:16:44,597 [shell_command.py:_check_proc_success()] - Command (git -C /home/pi/moonraker branch --list --no-color) successfully finished
2023-09-12 17:16:44,622 [shell_command.py:_check_proc_success()] - Command (git -C /home/pi/moonraker remote get-url origin) successfully finished
2023-09-12 17:16:45,818 [shell_command.py:_check_proc_success()] - Command (git -C /home/pi/moonraker fetch origin --prune --progress) successfully finished
2023-09-12 17:16:45,832 [shell_command.py:_check_proc_success()] - Command (git -C /home/pi/moonraker merge-base --is-ancestor HEAD origin/master) successfully finished
2023-09-12 17:16:45,846 [shell_command.py:_check_proc_success()] - Command (git -C /home/pi/moonraker rev-parse HEAD) successfully finished
2023-09-12 17:16:45,866 [shell_command.py:_check_proc_success()] - Command (git -C /home/pi/moonraker describe --always --tags --long --dirty --abbrev=8) successfully finished
2023-09-12 17:16:45,879 [shell_command.py:_check_proc_success()] - Command (git -C /home/pi/moonraker rev-parse origin/master) successfully finished
2023-09-12 17:16:45,899 [shell_command.py:_check_proc_success()] - Command (git -C /home/pi/moonraker describe origin/master --always --tags --long --abbrev=8) successfully finished
2023-09-12 17:16:45,914 [shell_command.py:_check_proc_success()] - Command (git -C /home/pi/moonraker rev-list HEAD..3d9052d711464cb5ea81cde99769c8f1fd7d3f8d --count) successfully finished
2023-09-12 17:16:45,930 [shell_command.py:_check_proc_success()] - Command (git -C /home/pi/moonraker log fe120952ee06607d039af8f461028e9f5b817395..origin/master --format="sha:%H%x1Dauthor:%an%x1Ddate:%ct%x1Dsubject:%s%x1Dmessage:%b%x1E" --max-count=100) successfully finished
2023-09-12 17:16:45,986 [shell_command.py:_check_proc_success()] - Command (git -C /home/pi/moonraker for-each-ref --count=100 --sort='-creatordate' --contains=HEAD --merged=origin/master --format='%(if)%(*objecttype)%(then)%(*objecttype) %(*objectname)%(else)%(objecttype) %(objectname)%(end) %(refname)' 'refs/tags') successfully finished
2023-09-12 17:16:45,987 [git_deploy.py:log_repo_info()] - Git Repo moonraker Detected:
Owner: Arksine
Repository Name: moonraker
Path: /home/pi/moonraker
Remote: origin
Branch: master
Remote URL: https://github.com/Arksine/moonraker.git
Recovery URL: https://github.com/Arksine/moonraker.git
Current Commit SHA: fe120952ee06607d039af8f461028e9f5b817395
Upstream Commit SHA: 3d9052d711464cb5ea81cde99769c8f1fd7d3f8d
Current Version: v0.8.0-138-gfe120952
Upstream Version: v0.8.0-139-g3d9052d7
Rollback Commit: fe120952ee06607d039af8f461028e9f5b817395
Rollback Branch: master
Rollback Version: v0.8.0-138-gfe120952
Is Dirty: False
Is Detached: False
Is Shallow: False
Commits Behind Count: 1
Diverged: False
2023-09-12 17:16:45,987 [base_deploy.py:log_info()] - Git Repo moonraker: Channel: dev
2023-09-12 17:16:45,987 [base_deploy.py:log_info()] - Git Repo moonraker: Validity check for git repo passed
2023-09-12 17:16:46,022 [shell_command.py:_check_proc_success()] - Command (git -C /home/pi/klipper status --porcelain -b) successfully finished
2023-09-12 17:16:46,050 [shell_command.py:_check_proc_success()] - Command (git -C /home/pi/klipper branch --list --no-color) successfully finished
2023-09-12 17:16:46,075 [shell_command.py:_check_proc_success()] - Command (git -C /home/pi/klipper remote get-url origin) successfully finished
2023-09-12 17:16:48,465 [shell_command.py:_check_proc_success()] - Command (git -C /home/pi/klipper fetch origin --prune --progress) successfully finished
2023-09-12 17:16:48,479 [shell_command.py:_check_proc_success()] - Command (git -C /home/pi/klipper merge-base --is-ancestor HEAD origin/master) successfully finished
2023-09-12 17:16:48,492 [shell_command.py:_check_proc_success()] - Command (git -C /home/pi/klipper rev-parse HEAD) successfully finished
2023-09-12 17:16:48,602 [shell_command.py:_check_proc_success()] - Command (git -C /home/pi/klipper describe --always --tags --long --dirty --abbrev=8) successfully finished
2023-09-12 17:16:48,615 [shell_command.py:_check_proc_success()] - Command (git -C /home/pi/klipper rev-parse origin/master) successfully finished
2023-09-12 17:16:48,721 [shell_command.py:_check_proc_success()] - Command (git -C /home/pi/klipper describe origin/master --always --tags --long --abbrev=8) successfully finished
2023-09-12 17:16:48,736 [shell_command.py:_check_proc_success()] - Command (git -C /home/pi/klipper rev-list HEAD..8ef0f7d7e3d3b2ac7bc1e80ed3295ceca6bba4e7 --count) successfully finished
2023-09-12 17:16:48,751 [shell_command.py:_check_proc_success()] - Command (git -C /home/pi/klipper log 5f990f93d533247d3a675e8c423280f4333ad8ce..origin/master --format="sha:%H%x1Dauthor:%an%x1Ddate:%ct%x1Dsubject:%s%x1Dmessage:%b%x1E" --max-count=100) successfully finished
2023-09-12 17:16:48,870 [shell_command.py:_check_proc_success()] - Command (git -C /home/pi/klipper for-each-ref --count=100 --sort='-creatordate' --contains=HEAD --merged=origin/master --format='%(if)%(*objecttype)%(then)%(*objecttype) %(*objectname)%(else)%(objecttype) %(objectname)%(end) %(refname)' 'refs/tags') successfully finished
2023-09-12 17:16:48,871 [git_deploy.py:log_repo_info()] - Git Repo klipper Detected:
Owner: Klipper3d
Repository Name: klipper
Path: /home/pi/klipper
Remote: origin
Branch: master
Remote URL: https://github.com/Klipper3d/klipper
Recovery URL: https://github.com/Klipper3d/klipper
Current Commit SHA: 5f990f93d533247d3a675e8c423280f4333ad8ce
Upstream Commit SHA: 8ef0f7d7e3d3b2ac7bc1e80ed3295ceca6bba4e7
Current Version: v0.11.0-271-g5f990f93
Upstream Version: v0.11.0-275-g8ef0f7d7
Rollback Commit: 5f990f93d533247d3a675e8c423280f4333ad8ce
Rollback Branch: master
Rollback Version: v0.11.0-271-g5f990f93
Is Dirty: False
Is Detached: False
Is Shallow: False
Commits Behind Count: 4
Diverged: False
Repo Warnings:
  Repo has untracked source files: ['klippy/extras/gcode_shell_command.py']
2023-09-12 17:16:48,871 [base_deploy.py:log_info()] - Git Repo klipper: Channel: dev
2023-09-12 17:16:48,871 [base_deploy.py:log_info()] - Git Repo klipper: Validity check for git repo passed
2023-09-12 17:16:48,895 [shell_command.py:_check_proc_success()] - Command (git -C /home/pi/mainsail-config status --porcelain -b) successfully finished
2023-09-12 17:16:48,921 [shell_command.py:_check_proc_success()] - Command (git -C /home/pi/mainsail-config branch --list --no-color) successfully finished
2023-09-12 17:16:48,947 [shell_command.py:_check_proc_success()] - Command (git -C /home/pi/mainsail-config remote get-url origin) successfully finished
2023-09-12 17:16:49,935 [shell_command.py:_check_proc_success()] - Command (git -C /home/pi/mainsail-config fetch origin --prune --progress) successfully finished
2023-09-12 17:16:49,949 [shell_command.py:_check_proc_success()] - Command (git -C /home/pi/mainsail-config merge-base --is-ancestor HEAD origin/master) successfully finished
2023-09-12 17:16:49,965 [shell_command.py:_check_proc_success()] - Command (git -C /home/pi/mainsail-config rev-parse HEAD) successfully finished
2023-09-12 17:16:49,982 [shell_command.py:_check_proc_success()] - Command (git -C /home/pi/mainsail-config describe --always --tags --long --dirty --abbrev=8) successfully finished
2023-09-12 17:16:49,995 [shell_command.py:_check_proc_success()] - Command (git -C /home/pi/mainsail-config rev-parse origin/master) successfully finished
2023-09-12 17:16:50,024 [shell_command.py:_check_proc_success()] - Command (git -C /home/pi/mainsail-config describe origin/master --always --tags --long --abbrev=8) successfully finished
2023-09-12 17:16:50,052 [shell_command.py:_check_proc_success()] - Command (git -C /home/pi/mainsail-config rev-list HEAD..c64d3af97a277ffdf607a398cc838991bcda069b --count) successfully finished
2023-09-12 17:16:50,054 [git_deploy.py:log_repo_info()] - Git Repo mainsail-config Detected:
Owner: mainsail-crew
Repository Name: mainsail-config
Path: /home/pi/mainsail-config
Remote: origin
Branch: master
Remote URL: https://github.com/mainsail-crew/mainsail-config.git
Recovery URL: https://github.com/mainsail-crew/mainsail-config.git
Current Commit SHA: c64d3af97a277ffdf607a398cc838991bcda069b
Upstream Commit SHA: c64d3af97a277ffdf607a398cc838991bcda069b
Current Version: v1.0.0-16-gc64d3af9
Upstream Version: v1.0.0-16-gc64d3af9
Rollback Commit: c64d3af97a277ffdf607a398cc838991bcda069b
Rollback Branch: master
Rollback Version: v1.0.0-16-gc64d3af9
Is Dirty: False
Is Detached: False
Is Shallow: False
Commits Behind Count: 0
Diverged: False
2023-09-12 17:16:50,055 [base_deploy.py:log_info()] - Git Repo mainsail-config: Channel: dev
2023-09-12 17:16:50,055 [base_deploy.py:log_info()] - Git Repo mainsail-config: Validity check for git repo passed
2023-09-12 17:16:51,268 [web_deploy.py:_log_client_info()] - Web Client mainsail Detected:
Repo: mainsail-crew/mainsail
Channel: stable
Path: /home/pi/mainsail
Local Version: v2.7.1
Remote Version: v2.7.1
Valid: True
Fallback Client Detected: False
Pre-release: False
Download Url: https://github.com/mainsail-crew/mainsail/releases/download/v2.7.1/mainsail.zip
Download Size: 2114745
Content Type: application/zip
Rollback Version: v2.7.1
Rollback Repo: mainsail-crew/mainsail
2023-09-12 17:16:51,307 [shell_command.py:_check_proc_success()] - Command (git -C /home/pi/crowsnest status --porcelain -b) successfully finished
2023-09-12 17:16:51,345 [shell_command.py:_check_proc_success()] - Command (git -C /home/pi/crowsnest branch --list --no-color) successfully finished
2023-09-12 17:16:51,384 [shell_command.py:_check_proc_success()] - Command (git -C /home/pi/crowsnest remote get-url origin) successfully finished
2023-09-12 17:16:52,568 [shell_command.py:_check_proc_success()] - Command (git -C /home/pi/crowsnest fetch origin --prune --progress) successfully finished
2023-09-12 17:16:52,584 [shell_command.py:_check_proc_success()] - Command (git -C /home/pi/crowsnest merge-base --is-ancestor HEAD origin/master) successfully finished
2023-09-12 17:16:52,597 [shell_command.py:_check_proc_success()] - Command (git -C /home/pi/crowsnest rev-parse HEAD) successfully finished
2023-09-12 17:16:52,613 [shell_command.py:_check_proc_success()] - Command (git -C /home/pi/crowsnest describe --always --tags --long --dirty --abbrev=8) successfully finished
2023-09-12 17:16:52,627 [shell_command.py:_check_proc_success()] - Command (git -C /home/pi/crowsnest rev-parse origin/master) successfully finished
2023-09-12 17:16:52,642 [shell_command.py:_check_proc_success()] - Command (git -C /home/pi/crowsnest describe origin/master --always --tags --long --abbrev=8) successfully finished
2023-09-12 17:16:52,657 [shell_command.py:_check_proc_success()] - Command (git -C /home/pi/crowsnest rev-list HEAD..c9bc30414e10e0fadf20e379b614b28869783c22 --count) successfully finished
2023-09-12 17:16:52,658 [git_deploy.py:log_repo_info()] - Git Repo crowsnest Detected:
Owner: mainsail-crew
Repository Name: crowsnest
Path: /home/pi/crowsnest
Remote: origin
Branch: master
Remote URL: https://github.com/mainsail-crew/crowsnest.git
Recovery URL: https://github.com/mainsail-crew/crowsnest.git
Current Commit SHA: c9bc30414e10e0fadf20e379b614b28869783c22
Upstream Commit SHA: c9bc30414e10e0fadf20e379b614b28869783c22
Current Version: v4.0.4-0-gc9bc3041
Upstream Version: v4.0.4-0-gc9bc3041
Rollback Commit: f6e2156ab30d326f048e9de8f680c9f12be792d8
Rollback Branch: master
Rollback Version: v4.0.3-0-gf6e2156a
Is Dirty: False
Is Detached: False
Is Shallow: False
Commits Behind Count: 0
Diverged: False
2023-09-12 17:16:52,659 [base_deploy.py:log_info()] - Git Repo crowsnest: Channel: dev
2023-09-12 17:16:52,659 [base_deploy.py:log_info()] - Git Repo crowsnest: Validity check for git repo passed
2023-09-12 17:16:52,705 [shell_command.py:_check_proc_success()] - Command (git -C /home/pi/CanBoot status --porcelain -b) successfully finished
2023-09-12 17:16:52,732 [shell_command.py:_check_proc_success()] - Command (git -C /home/pi/CanBoot branch --list --no-color) successfully finished
2023-09-12 17:16:52,757 [shell_command.py:_check_proc_success()] - Command (git -C /home/pi/CanBoot remote get-url origin) successfully finished
2023-09-12 17:16:53,738 [shell_command.py:_check_proc_success()] - Command (git -C /home/pi/CanBoot fetch origin --prune --progress) successfully finished
2023-09-12 17:16:53,753 [shell_command.py:_check_proc_success()] - Command (git -C /home/pi/CanBoot merge-base --is-ancestor HEAD origin/master) successfully finished
2023-09-12 17:16:53,766 [shell_command.py:_check_proc_success()] - Command (git -C /home/pi/CanBoot rev-parse HEAD) successfully finished
2023-09-12 17:16:53,788 [shell_command.py:_check_proc_success()] - Command (git -C /home/pi/CanBoot describe --always --tags --long --dirty --abbrev=8) successfully finished
2023-09-12 17:16:53,802 [shell_command.py:_check_proc_success()] - Command (git -C /home/pi/CanBoot rev-parse origin/master) successfully finished
2023-09-12 17:16:53,818 [shell_command.py:_check_proc_success()] - Command (git -C /home/pi/CanBoot describe origin/master --always --tags --long --abbrev=8) successfully finished
2023-09-12 17:16:53,832 [shell_command.py:_check_proc_success()] - Command (git -C /home/pi/CanBoot rev-list HEAD..abd154526ded2f895028b2fd06ccf79476b9bc22 --count) successfully finished
2023-09-12 17:16:53,834 [git_deploy.py:log_repo_info()] - Git Repo canboot Detected:
Owner: Arksine
Repository Name: CanBoot
Path: /home/pi/CanBoot
Remote: origin
Branch: master
Remote URL: https://github.com/Arksine/CanBoot
Recovery URL: https://github.com/Arksine/CanBoot
Current Commit SHA: abd154526ded2f895028b2fd06ccf79476b9bc22
Upstream Commit SHA: abd154526ded2f895028b2fd06ccf79476b9bc22
Current Version: v0.0.1-57-gabd15452
Upstream Version: v0.0.1-57-gabd15452
Rollback Commit: abd154526ded2f895028b2fd06ccf79476b9bc22
Rollback Branch: master
Rollback Version: v0.0.1-57-gabd15452
Is Dirty: False
Is Detached: False
Is Shallow: False
Commits Behind Count: 0
Diverged: False
2023-09-12 17:16:53,834 [base_deploy.py:log_info()] - Git Repo canboot: Channel: dev
2023-09-12 17:16:53,834 [base_deploy.py:log_info()] - Git Repo canboot: Validity check for git repo passed
2023-09-12 17:16:53,853 [shell_command.py:_check_proc_success()] - Command (git -C /home/pi/klipper-backup status --porcelain -b) successfully finished
2023-09-12 17:16:53,879 [shell_command.py:_check_proc_success()] - Command (git -C /home/pi/klipper-backup branch --list --no-color) successfully finished
2023-09-12 17:16:53,906 [shell_command.py:_check_proc_success()] - Command (git -C /home/pi/klipper-backup remote get-url origin) successfully finished
2023-09-12 17:16:53,906 [git_deploy.py:_check_moved_origin()] - Git repo klipper-backup: Performing moved origin check - https://github.com/josephblanz/v2.4-backup
2023-09-12 17:16:55,488 [shell_command.py:_check_proc_success()] - Command (git -C /home/pi/klipper-backup fetch origin --prune --progress) successfully finished
2023-09-12 17:16:55,502 [shell_command.py:_check_proc_success()] - Command (git -C /home/pi/klipper-backup merge-base --is-ancestor HEAD origin/main) successfully finished
2023-09-12 17:16:55,515 [shell_command.py:_check_proc_success()] - Command (git -C /home/pi/klipper-backup rev-parse HEAD) successfully finished
2023-09-12 17:16:55,533 [shell_command.py:_check_proc_success()] - Command (git -C /home/pi/klipper-backup describe --always --tags --long --dirty --abbrev=8) successfully finished
2023-09-12 17:16:55,547 [shell_command.py:_check_proc_success()] - Command (git -C /home/pi/klipper-backup rev-parse origin/main) successfully finished
2023-09-12 17:16:55,564 [shell_command.py:_check_proc_success()] - Command (git -C /home/pi/klipper-backup describe origin/main --always --tags --long --abbrev=8) successfully finished
2023-09-12 17:16:55,579 [shell_command.py:_check_proc_success()] - Command (git -C /home/pi/klipper-backup rev-list HEAD..707f5b02e3b748d00922def2ee4de8737e9c4d39 --count) successfully finished
2023-09-12 17:16:55,597 [shell_command.py:_check_proc_success()] - Command (git -C /home/pi/klipper-backup rev-list HEAD --count) successfully finished
2023-09-12 17:16:55,598 [git_deploy.py:_set_versions()] - Git repo klipper-backup: Failed to detect current version, got '707f5b02'. Falling back to inferred version: v0.0.0-43-g707f5b02-inferred
2023-09-12 17:16:55,614 [shell_command.py:_check_proc_success()] - Command (git -C /home/pi/klipper-backup rev-list 707f5b02e3b748d00922def2ee4de8737e9c4d39 --count) successfully finished
2023-09-12 17:16:55,615 [git_deploy.py:_set_versions()] - Git repo klipper-backup: Failed to detect upstream version, got '707f5b02'. Falling back to inferred version: v0.0.0-43-inferred
2023-09-12 17:16:55,615 [git_deploy.py:log_repo_info()] - Git Repo klipper-backup Detected:
Owner: JosephBlanz
Repository Name: V2
Path: /home/pi/klipper-backup
Remote: origin
Branch: main
Remote URL: https://github.com/JosephBlanz/V2.4-backup.git
Recovery URL: https://github.com/JosephBlanz/V2.4-backup.git
Current Commit SHA: 707f5b02e3b748d00922def2ee4de8737e9c4d39
Upstream Commit SHA: 707f5b02e3b748d00922def2ee4de8737e9c4d39
Current Version: v0.0.0-43-g707f5b02-inferred
Upstream Version: v0.0.0-43-inferred
Rollback Commit: 49833387caa8bc74d5611d544f9b4002c989b0c5
Rollback Branch: main
Rollback Version: 49833387
Is Dirty: False
Is Detached: False
Is Shallow: False
Commits Behind Count: 0
Diverged: False
Repo Warnings:
  Unofficial remote url: https://github.com/JosephBlanz/V2.4-backup.git
2023-09-12 17:16:55,616 [base_deploy.py:log_info()] - Git Repo klipper-backup: Channel: dev
2023-09-12 17:16:55,616 [base_deploy.py:log_info()] - Git Repo klipper-backup: Validity check for git repo passed
2023-09-12 17:17:50,001 [shell_command.py:_check_proc_success()] - Command (git -C /home/pi/klipper fetch origin --prune --progress) successfully finished
2023-09-12 17:17:50,017 [shell_command.py:_check_proc_success()] - Command (git -C /home/pi/klipper merge-base --is-ancestor HEAD origin/master) successfully finished
2023-09-12 17:17:51,049 [shell_command.py:_check_proc_success()] - Command (git -C /home/pi/klipper pull --progress) successfully finished
2023-09-12 17:17:51,099 [shell_command.py:_check_proc_success()] - Command (git -C /home/pi/klipper status --porcelain -b) successfully finished
2023-09-12 17:17:51,131 [shell_command.py:_check_proc_success()] - Command (git -C /home/pi/klipper branch --list --no-color) successfully finished
2023-09-12 17:17:51,160 [shell_command.py:_check_proc_success()] - Command (git -C /home/pi/klipper remote get-url origin) successfully finished
2023-09-12 17:17:51,175 [shell_command.py:_check_proc_success()] - Command (git -C /home/pi/klipper merge-base --is-ancestor HEAD origin/master) successfully finished
2023-09-12 17:17:51,188 [shell_command.py:_check_proc_success()] - Command (git -C /home/pi/klipper rev-parse HEAD) successfully finished
2023-09-12 17:17:51,297 [shell_command.py:_check_proc_success()] - Command (git -C /home/pi/klipper describe --always --tags --long --dirty --abbrev=8) successfully finished
2023-09-12 17:17:51,311 [shell_command.py:_check_proc_success()] - Command (git -C /home/pi/klipper rev-parse origin/master) successfully finished
2023-09-12 17:17:51,415 [shell_command.py:_check_proc_success()] - Command (git -C /home/pi/klipper describe origin/master --always --tags --long --abbrev=8) successfully finished
2023-09-12 17:17:51,430 [shell_command.py:_check_proc_success()] - Command (git -C /home/pi/klipper rev-list HEAD..8ef0f7d7e3d3b2ac7bc1e80ed3295ceca6bba4e7 --count) successfully finished
2023-09-12 17:17:51,431 [git_deploy.py:log_repo_info()] - Git Repo klipper Detected:
Owner: Klipper3d
Repository Name: klipper
Path: /home/pi/klipper
Remote: origin
Branch: master
Remote URL: https://github.com/Klipper3d/klipper
Recovery URL: https://github.com/Klipper3d/klipper
Current Commit SHA: 8ef0f7d7e3d3b2ac7bc1e80ed3295ceca6bba4e7
Upstream Commit SHA: 8ef0f7d7e3d3b2ac7bc1e80ed3295ceca6bba4e7
Current Version: v0.11.0-275-g8ef0f7d7
Upstream Version: v0.11.0-275-g8ef0f7d7
Rollback Commit: 5f990f93d533247d3a675e8c423280f4333ad8ce
Rollback Branch: master
Rollback Version: v0.11.0-271-g5f990f93
Is Dirty: False
Is Detached: False
Is Shallow: False
Commits Behind Count: 0
Diverged: False
Repo Warnings:
  Repo has untracked source files: ['klippy/extras/gcode_shell_command.py']
2023-09-12 17:17:51,431 [base_deploy.py:log_info()] - Git Repo klipper: Channel: dev
2023-09-12 17:17:51,431 [base_deploy.py:log_info()] - Git Repo klipper: Validity check for git repo passed
2023-09-12 17:17:51,469 [klippy_connection.py:_on_connection_closed()] - Klippy Connection Removed
2023-09-12 17:17:52,227 [klippy_connection.py:_do_connect()] - Klippy Connection Established
2023-09-12 17:17:52,618 [server.py:add_log_rollover_item()] - Klipper Version: v0.11.0-275-g8ef0f7d7-dirty
2023-09-12 17:17:53,395 [shell_command.py:_check_proc_success()] - Command (git -C /home/pi/moonraker fetch origin --prune --progress) successfully finished
2023-09-12 17:17:53,412 [shell_command.py:_check_proc_success()] - Command (git -C /home/pi/moonraker merge-base --is-ancestor HEAD origin/master) successfully finished
2023-09-12 17:17:54,131 [shell_command.py:_check_proc_success()] - Command (git -C /home/pi/moonraker pull --progress) successfully finished
2023-09-12 17:17:54,161 [shell_command.py:_check_proc_success()] - Command (git -C /home/pi/moonraker status --porcelain -b) successfully finished
2023-09-12 17:17:54,191 [shell_command.py:_check_proc_success()] - Command (git -C /home/pi/moonraker branch --list --no-color) successfully finished
2023-09-12 17:17:54,218 [shell_command.py:_check_proc_success()] - Command (git -C /home/pi/moonraker remote get-url origin) successfully finished
2023-09-12 17:17:54,234 [shell_command.py:_check_proc_success()] - Command (git -C /home/pi/moonraker merge-base --is-ancestor HEAD origin/master) successfully finished
2023-09-12 17:17:54,248 [shell_command.py:_check_proc_success()] - Command (git -C /home/pi/moonraker rev-parse HEAD) successfully finished
2023-09-12 17:17:54,273 [shell_command.py:_check_proc_success()] - Command (git -C /home/pi/moonraker describe --always --tags --long --dirty --abbrev=8) successfully finished
2023-09-12 17:17:54,288 [shell_command.py:_check_proc_success()] - Command (git -C /home/pi/moonraker rev-parse origin/master) successfully finished
2023-09-12 17:17:54,309 [shell_command.py:_check_proc_success()] - Command (git -C /home/pi/moonraker describe origin/master --always --tags --long --abbrev=8) successfully finished
2023-09-12 17:17:54,326 [shell_command.py:_check_proc_success()] - Command (git -C /home/pi/moonraker rev-list HEAD..3d9052d711464cb5ea81cde99769c8f1fd7d3f8d --count) successfully finished
2023-09-12 17:17:54,328 [git_deploy.py:log_repo_info()] - Git Repo moonraker Detected:
Owner: Arksine
Repository Name: moonraker
Path: /home/pi/moonraker
Remote: origin
Branch: master
Remote URL: https://github.com/Arksine/moonraker.git
Recovery URL: https://github.com/Arksine/moonraker.git
Current Commit SHA: 3d9052d711464cb5ea81cde99769c8f1fd7d3f8d
Upstream Commit SHA: 3d9052d711464cb5ea81cde99769c8f1fd7d3f8d
Current Version: v0.8.0-139-g3d9052d7
Upstream Version: v0.8.0-139-g3d9052d7
Rollback Commit: fe120952ee06607d039af8f461028e9f5b817395
Rollback Branch: master
Rollback Version: v0.8.0-138-gfe120952
Is Dirty: False
Is Detached: False
Is Shallow: False
Commits Behind Count: 0
Diverged: False
2023-09-12 17:17:54,329 [base_deploy.py:log_info()] - Git Repo moonraker: Channel: dev
2023-09-12 17:17:54,329 [base_deploy.py:log_info()] - Git Repo moonraker: Validity check for git repo passed
2023-09-12 17:17:54,365 [server.py:_handle_term_signal()] - Exiting with signal SIGTERM
2023-09-12 17:17:54,469 [websockets.py:on_close()] - Websocket Closed: ID: 548014351984 Close Code: 1001, Close Reason: Server Shutdown, Pong Time Elapsed: 2.15
2023-09-12 17:17:54,471 [klippy_connection.py:_on_connection_closed()] - Klippy Connection Removed
2023-09-12 17:17:54,477 [database.py:close()] - Database statistics:

announcements:
psize: 4096
depth: 0
branch_pages: 0
leaf_pages: 0
overflow_pages: 0
entries: 0
authorized_users:
psize: 4096
depth: 1
branch_pages: 0
leaf_pages: 1
overflow_pages: 0
entries: 1
gcode_metadata:
psize: 4096
depth: 0
branch_pages: 0
leaf_pages: 0
overflow_pages: 0
entries: 0
history:
psize: 4096
depth: 0
branch_pages: 0
leaf_pages: 0
overflow_pages: 0
entries: 0
mainsail:
psize: 4096
depth: 1
branch_pages: 0
leaf_pages: 1
overflow_pages: 0
entries: 4
moonraker:
psize: 4096
depth: 1
branch_pages: 0
leaf_pages: 1
overflow_pages: 0
entries: 6
update_manager:
psize: 4096
depth: 2
branch_pages: 1
leaf_pages: 3
overflow_pages: 0
entries: 8
webcams:
psize: 4096
depth: 1
branch_pages: 0
leaf_pages: 1
overflow_pages: 0
entries: 1
2023-09-12 17:17:54,572 [server.py:main()] - Server Shutdown
-------------------- Log Start | Tue Sep 12 16:17:55 2023 --------------------
data_path: /home/pi/printer_data
is_default_data_path: False
config_file: /home/pi/printer_data/config/moonraker.conf
startup_warnings: []
verbose: False
debug: False
asyncio_debug: False
is_backup_config: False
is_python_package: False
instance_uuid: ae9facf950dc4d87bb114774772b309b
unix_socket_path: /home/pi/printer_data/comms/moonraker.sock
software_version: v0.8.0-139-g3d9052d
git_branch: master
git_remote: origin
git_repo_url: https://github.com/Arksine/moonraker.git
modified_files: []
unofficial_components: []
log_file: /home/pi/printer_data/logs/moonraker.log
python_version: 3.9.2 (default, Feb 28 2021, 17:03:44)  [GCC 10.2.1 20210110]
2023-09-12 17:17:55,382 [confighelper.py:read_file()] - Configuration File '/home/pi/printer_data/config/moonraker.conf' parsed, total size: 1279 B
2023-09-12 17:17:55,382 [server.py:add_log_rollover_item()] - 
#################### Moonraker Configuration ####################

[server]
host = 0.0.0.0
port = 7125
klippy_uds_address = /home/pi/printer_data/comms/klippy.sock

[authorization]
trusted_clients = 
	10.0.0.0/8
	127.0.0.0/8
	169.254.0.0/16
	172.16.0.0/12
	192.168.0.0/16
	FE80::/10
	::1/128
cors_domains = 
	*.lan
	*.local
	*://localhost
	*://localhost:*
	*://my.mainsail.xyz
	*://app.fluidd.xyz

[octoprint_compat]

[history]

[update_manager]
channel = dev
refresh_interval = 168

[update_manager mainsail-config]
type = git_repo
primary_branch = master
path = ~/mainsail-config
origin = https://github.com/mainsail-crew/mainsail-config.git
managed_services = klipper

[update_manager mainsail]
type = web
channel = stable
repo = mainsail-crew/mainsail
path = ~/mainsail

[update_manager crowsnest]
type = git_repo
path = ~/crowsnest
origin = https://github.com/mainsail-crew/crowsnest.git
managed_services = crowsnest
install_script = tools/pkglist.sh

[update_manager canboot]
type = git_repo
origin = https://github.com/Arksine/CanBoot.git
path = ~/CanBoot
is_system_service = False

[update_manager client klipper-backup]
type = git_repo
path = ~/klipper-backup
origin = https://github.com/Staubgeborener/klipper-backup.git
install_script = install.sh
is_system_service = False
primary_branch = main

#################################################################
All Configuration Files:
/home/pi/printer_data/config/moonraker.conf
#################################################################
2023-09-12 17:17:55,400 [app.py:register_local_handler()] - Registering HTTP Endpoint: (POST) /server/logs/rollover
2023-09-12 17:17:55,400 [websockets.py:register_api_handler()] - Registering Websocket JSON-RPC methods: server.logs.rollover
2023-09-12 17:17:55,400 [app.py:register_local_handler()] - Registering HTTP Endpoint: (GET) /server/info
2023-09-12 17:17:55,401 [websockets.py:register_api_handler()] - Registering Websocket JSON-RPC methods: server.info
2023-09-12 17:17:55,401 [app.py:register_local_handler()] - Registering HTTP Endpoint: (GET) /server/config
2023-09-12 17:17:55,401 [websockets.py:register_api_handler()] - Registering Websocket JSON-RPC methods: server.config
2023-09-12 17:17:55,401 [app.py:register_local_handler()] - Registering HTTP Endpoint: (POST) /server/restart
2023-09-12 17:17:55,401 [websockets.py:register_api_handler()] - Registering Websocket JSON-RPC methods: server.restart
2023-09-12 17:17:55,449 [server.py:load_component()] - Component (dbus_manager) loaded
2023-09-12 17:17:55,456 [server.py:add_log_rollover_item()] - Unsafe Shutdown Count: 0
2023-09-12 17:17:55,458 [app.py:register_local_handler()] - Registering HTTP Endpoint: (GET) /server/database/list
2023-09-12 17:17:55,458 [websockets.py:register_api_handler()] - Registering Websocket JSON-RPC methods: server.database.list
2023-09-12 17:17:55,459 [app.py:register_local_handler()] - Registering HTTP Endpoint: (GET POST DELETE) /server/database/item
2023-09-12 17:17:55,459 [websockets.py:register_api_handler()] - Registering Websocket JSON-RPC methods: server.database.get_item, server.database.post_item, server.database.delete_item
2023-09-12 17:17:55,459 [server.py:load_component()] - Component (database) loaded
2023-09-12 17:17:55,476 [file_manager.py:__init__()] - Using File System Observer: inotify
2023-09-12 17:17:55,488 [app.py:register_local_handler()] - Registering HTTP Endpoint: (GET) /server/files/list
2023-09-12 17:17:55,489 [websockets.py:register_api_handler()] - Registering Websocket JSON-RPC methods: server.files.list
2023-09-12 17:17:55,489 [app.py:register_local_handler()] - Registering HTTP Endpoint: (GET) /server/files/metadata
2023-09-12 17:17:55,490 [websockets.py:register_api_handler()] - Registering Websocket JSON-RPC methods: server.files.metadata
2023-09-12 17:17:55,490 [app.py:register_local_handler()] - Registering HTTP Endpoint: (POST) /server/files/metascan
2023-09-12 17:17:55,490 [websockets.py:register_api_handler()] - Registering Websocket JSON-RPC methods: server.files.metascan
2023-09-12 17:17:55,490 [app.py:register_local_handler()] - Registering HTTP Endpoint: (GET) /server/files/thumbnails
2023-09-12 17:17:55,490 [websockets.py:register_api_handler()] - Registering Websocket JSON-RPC methods: server.files.thumbnails
2023-09-12 17:17:55,491 [app.py:register_local_handler()] - Registering HTTP Endpoint: (GET) /server/files/roots
2023-09-12 17:17:55,491 [websockets.py:register_api_handler()] - Registering Websocket JSON-RPC methods: server.files.roots
2023-09-12 17:17:55,492 [app.py:register_local_handler()] - Registering HTTP Endpoint: (GET POST DELETE) /server/files/directory
2023-09-12 17:17:55,492 [websockets.py:register_api_handler()] - Registering Websocket JSON-RPC methods: server.files.get_directory, server.files.post_directory, server.files.delete_directory
2023-09-12 17:17:55,492 [app.py:register_local_handler()] - Registering HTTP Endpoint: (POST) /server/files/move
2023-09-12 17:17:55,492 [websockets.py:register_api_handler()] - Registering Websocket JSON-RPC methods: server.files.move
2023-09-12 17:17:55,493 [app.py:register_local_handler()] - Registering HTTP Endpoint: (POST) /server/files/copy
2023-09-12 17:17:55,493 [websockets.py:register_api_handler()] - Registering Websocket JSON-RPC methods: server.files.copy
2023-09-12 17:17:55,493 [app.py:register_local_handler()] - Registering HTTP Endpoint: (POST) /server/files/zip
2023-09-12 17:17:55,493 [websockets.py:register_api_handler()] - Registering Websocket JSON-RPC methods: server.files.zip
2023-09-12 17:17:55,493 [websockets.py:register_api_handler()] - Registering Websocket JSON-RPC methods: server.files.delete_file
2023-09-12 17:17:55,498 [server.py:load_component()] - Component (file_manager) loaded
2023-09-12 17:17:55,503 [app.py:register_local_handler()] - Registering HTTP Endpoint: (POST) /printer/print/pause
2023-09-12 17:17:55,503 [websockets.py:register_api_handler()] - Registering Websocket JSON-RPC methods: printer.print.pause
2023-09-12 17:17:55,503 [app.py:register_local_handler()] - Registering HTTP Endpoint: (POST) /printer/print/resume
2023-09-12 17:17:55,504 [websockets.py:register_api_handler()] - Registering Websocket JSON-RPC methods: printer.print.resume
2023-09-12 17:17:55,504 [app.py:register_local_handler()] - Registering HTTP Endpoint: (POST) /printer/print/cancel
2023-09-12 17:17:55,504 [websockets.py:register_api_handler()] - Registering Websocket JSON-RPC methods: printer.print.cancel
2023-09-12 17:17:55,504 [app.py:register_local_handler()] - Registering HTTP Endpoint: (POST) /printer/print/start
2023-09-12 17:17:55,504 [websockets.py:register_api_handler()] - Registering Websocket JSON-RPC methods: printer.print.start
2023-09-12 17:17:55,505 [app.py:register_local_handler()] - Registering HTTP Endpoint: (POST) /printer/restart
2023-09-12 17:17:55,505 [websockets.py:register_api_handler()] - Registering Websocket JSON-RPC methods: printer.restart
2023-09-12 17:17:55,505 [app.py:register_local_handler()] - Registering HTTP Endpoint: (POST) /printer/firmware_restart
2023-09-12 17:17:55,505 [websockets.py:register_api_handler()] - Registering Websocket JSON-RPC methods: printer.firmware_restart
2023-09-12 17:17:55,505 [server.py:load_component()] - Component (klippy_apis) loaded
2023-09-12 17:17:55,684 [server.py:load_component()] - Component (secrets) loaded
2023-09-12 17:17:55,693 [server.py:load_component()] - Component (template) loaded
2023-09-12 17:17:55,722 [server.py:add_log_rollover_item()] - 
System Info:

***python***
  version: sys.version_info(major=3, minor=9, micro=2, releaselevel='final', serial=0)
  version_string: 3.9.2 (default, Feb 28 2021, 17:03:44)  [GCC 10.2.1 20210110]

***cpu_info***
  cpu_count: 4
  bits: 64bit
  processor: aarch64
  cpu_desc: 
  serial_number: 10000000718bc392
  hardware_desc: BCM2835
  model: Raspberry Pi Compute Module 4 Rev 1.0
  total_memory: 3705528
  memory_units: kB

***sd_info***
  manufacturer_id: 15
  manufacturer: Unknown
  oem_id: 0100
  product_name: BJTD4
  product_revision: 5.2
  serial_number: 033043b6
  manufacturer_date: 7/2172
  capacity: Unknown
  total_bytes: 0

***distribution***
  name: Debian GNU/Linux 11 (bullseye)
  id: debian
  version: 11
  version_parts: {'major': '11', 'minor': '', 'build_number': ''}
  like: 
  codename: bullseye
  release_info: {}

***virtualization***
  virt_type: none
  virt_identifier: none

***network***

***canbus***

***Allowed Services***
  klipper_mcu
  webcamd
  MoonCord
  KlipperScreen
  moonraker-telegram-bot
  moonraker-obico
  sonar
  crowsnest
  octoeverywhere
  ratos-configurator
2023-09-12 17:17:55,731 [server.py:load_component()] - Component (shell_command) loaded
2023-09-12 17:17:55,731 [machine.py:__init__()] - Using System Provider: systemd_dbus
2023-09-12 17:17:55,731 [app.py:register_local_handler()] - Registering HTTP Endpoint: (POST) /machine/reboot
2023-09-12 17:17:55,732 [websockets.py:register_api_handler()] - Registering Websocket JSON-RPC methods: machine.reboot
2023-09-12 17:17:55,732 [app.py:register_local_handler()] - Registering HTTP Endpoint: (POST) /machine/shutdown
2023-09-12 17:17:55,733 [websockets.py:register_api_handler()] - Registering Websocket JSON-RPC methods: machine.shutdown
2023-09-12 17:17:55,733 [app.py:register_local_handler()] - Registering HTTP Endpoint: (POST) /machine/services/restart
2023-09-12 17:17:55,733 [websockets.py:register_api_handler()] - Registering Websocket JSON-RPC methods: machine.services.restart
2023-09-12 17:17:55,733 [app.py:register_local_handler()] - Registering HTTP Endpoint: (POST) /machine/services/stop
2023-09-12 17:17:55,733 [websockets.py:register_api_handler()] - Registering Websocket JSON-RPC methods: machine.services.stop
2023-09-12 17:17:55,734 [app.py:register_local_handler()] - Registering HTTP Endpoint: (POST) /machine/services/start
2023-09-12 17:17:55,734 [websockets.py:register_api_handler()] - Registering Websocket JSON-RPC methods: machine.services.start
2023-09-12 17:17:55,734 [app.py:register_local_handler()] - Registering HTTP Endpoint: (GET) /machine/system_info
2023-09-12 17:17:55,734 [websockets.py:register_api_handler()] - Registering Websocket JSON-RPC methods: machine.system_info
2023-09-12 17:17:55,734 [app.py:register_local_handler()] - Registering HTTP Endpoint: (GET) /machine/sudo/info
2023-09-12 17:17:55,735 [websockets.py:register_api_handler()] - Registering Websocket JSON-RPC methods: machine.sudo.info
2023-09-12 17:17:55,735 [app.py:register_local_handler()] - Registering HTTP Endpoint: (POST) /machine/sudo/password
2023-09-12 17:17:55,735 [websockets.py:register_api_handler()] - Registering Websocket JSON-RPC methods: machine.sudo.password
2023-09-12 17:17:55,736 [server.py:load_component()] - Component (machine) loaded
2023-09-12 17:17:55,739 [app.py:register_local_handler()] - Registering HTTP Endpoint: (GET) /server/temperature_store
2023-09-12 17:17:55,739 [websockets.py:register_api_handler()] - Registering Websocket JSON-RPC methods: server.temperature_store
2023-09-12 17:17:55,739 [app.py:register_local_handler()] - Registering HTTP Endpoint: (GET) /server/gcode_store
2023-09-12 17:17:55,740 [websockets.py:register_api_handler()] - Registering Websocket JSON-RPC methods: server.gcode_store
2023-09-12 17:17:55,740 [server.py:load_component()] - Component (data_store) loaded
2023-09-12 17:17:55,742 [proc_stats.py:__init__()] - Detected 'vcgencmd', throttle checking enabled
2023-09-12 17:17:55,743 [app.py:register_local_handler()] - Registering HTTP Endpoint: (GET) /machine/proc_stats
2023-09-12 17:17:55,743 [websockets.py:register_api_handler()] - Registering Websocket JSON-RPC methods: machine.proc_stats
2023-09-12 17:17:55,744 [server.py:load_component()] - Component (proc_stats) loaded
2023-09-12 17:17:55,746 [server.py:load_component()] - Component (job_state) loaded
2023-09-12 17:17:55,750 [app.py:register_local_handler()] - Registering HTTP Endpoint: (POST DELETE) /server/job_queue/job
2023-09-12 17:17:55,750 [websockets.py:register_api_handler()] - Registering Websocket JSON-RPC methods: server.job_queue.post_job, server.job_queue.delete_job
2023-09-12 17:17:55,750 [app.py:register_local_handler()] - Registering HTTP Endpoint: (POST) /server/job_queue/pause
2023-09-12 17:17:55,751 [websockets.py:register_api_handler()] - Registering Websocket JSON-RPC methods: server.job_queue.pause
2023-09-12 17:17:55,751 [app.py:register_local_handler()] - Registering HTTP Endpoint: (POST) /server/job_queue/start
2023-09-12 17:17:55,751 [websockets.py:register_api_handler()] - Registering Websocket JSON-RPC methods: server.job_queue.start
2023-09-12 17:17:55,751 [app.py:register_local_handler()] - Registering HTTP Endpoint: (GET) /server/job_queue/status
2023-09-12 17:17:55,752 [websockets.py:register_api_handler()] - Registering Websocket JSON-RPC methods: server.job_queue.status
2023-09-12 17:17:55,752 [app.py:register_local_handler()] - Registering HTTP Endpoint: (POST) /server/job_queue/jump
2023-09-12 17:17:55,752 [websockets.py:register_api_handler()] - Registering Websocket JSON-RPC methods: server.job_queue.jump
2023-09-12 17:17:55,752 [server.py:load_component()] - Component (job_queue) loaded
2023-09-12 17:17:55,764 [server.py:load_component()] - Component (http_client) loaded
2023-09-12 17:17:55,766 [app.py:register_local_handler()] - Registering HTTP Endpoint: (GET) /server/announcements/list
2023-09-12 17:17:55,767 [websockets.py:register_api_handler()] - Registering Websocket JSON-RPC methods: server.announcements.list
2023-09-12 17:17:55,767 [app.py:register_local_handler()] - Registering HTTP Endpoint: (POST) /server/announcements/dismiss
2023-09-12 17:17:55,768 [websockets.py:register_api_handler()] - Registering Websocket JSON-RPC methods: server.announcements.dismiss
2023-09-12 17:17:55,768 [app.py:register_local_handler()] - Registering HTTP Endpoint: (POST) /server/announcements/update
2023-09-12 17:17:55,768 [websockets.py:register_api_handler()] - Registering Websocket JSON-RPC methods: server.announcements.update
2023-09-12 17:17:55,768 [app.py:register_local_handler()] - Registering HTTP Endpoint: (POST DELETE) /server/announcements/feed
2023-09-12 17:17:55,769 [websockets.py:register_api_handler()] - Registering Websocket JSON-RPC methods: server.announcements.post_feed, server.announcements.delete_feed
2023-09-12 17:17:55,769 [app.py:register_local_handler()] - Registering HTTP Endpoint: (GET) /server/announcements/feeds
2023-09-12 17:17:55,769 [websockets.py:register_api_handler()] - Registering Websocket JSON-RPC methods: server.announcements.feeds
2023-09-12 17:17:55,769 [server.py:load_component()] - Component (announcements) loaded
2023-09-12 17:17:55,773 [app.py:register_local_handler()] - Registering HTTP Endpoint: (GET) /server/webcams/list
2023-09-12 17:17:55,773 [websockets.py:register_api_handler()] - Registering Websocket JSON-RPC methods: server.webcams.list
2023-09-12 17:17:55,773 [app.py:register_local_handler()] - Registering HTTP Endpoint: (GET POST DELETE) /server/webcams/item
2023-09-12 17:17:55,774 [websockets.py:register_api_handler()] - Registering Websocket JSON-RPC methods: server.webcams.get_item, server.webcams.post_item, server.webcams.delete_item
2023-09-12 17:17:55,774 [app.py:register_local_handler()] - Registering HTTP Endpoint: (POST) /server/webcams/test
2023-09-12 17:17:55,774 [websockets.py:register_api_handler()] - Registering Websocket JSON-RPC methods: server.webcams.test
2023-09-12 17:17:55,774 [server.py:load_component()] - Component (webcam) loaded
2023-09-12 17:17:55,777 [websockets.py:register_api_handler()] - Registering Websocket JSON-RPC methods: connection.send_event
2023-09-12 17:17:55,777 [app.py:register_local_handler()] - Registering HTTP Endpoint: (GET) /server/extensions/list
2023-09-12 17:17:55,778 [websockets.py:register_api_handler()] - Registering Websocket JSON-RPC methods: server.extensions.list
2023-09-12 17:17:55,778 [app.py:register_local_handler()] - Registering HTTP Endpoint: (POST) /server/extensions/request
2023-09-12 17:17:55,778 [websockets.py:register_api_handler()] - Registering Websocket JSON-RPC methods: server.extensions.request
2023-09-12 17:17:55,778 [server.py:load_component()] - Component (extensions) loaded
2023-09-12 17:17:55,782 [app.py:register_local_handler()] - Registering HTTP Endpoint: (GET) /api/version
2023-09-12 17:17:55,782 [app.py:register_local_handler()] - Registering HTTP Endpoint: (GET) /api/server
2023-09-12 17:17:55,783 [app.py:register_local_handler()] - Registering HTTP Endpoint: (POST) /api/login
2023-09-12 17:17:55,783 [app.py:register_local_handler()] - Registering HTTP Endpoint: (GET) /api/currentuser
2023-09-12 17:17:55,783 [app.py:register_local_handler()] - Registering HTTP Endpoint: (GET) /api/settings
2023-09-12 17:17:55,783 [app.py:register_local_handler()] - Registering HTTP Endpoint: (GET) /api/job
2023-09-12 17:17:55,784 [app.py:register_local_handler()] - Registering HTTP Endpoint: (GET) /api/printer
2023-09-12 17:17:55,784 [app.py:register_local_handler()] - Registering HTTP Endpoint: (POST) /api/printer/command
2023-09-12 17:17:55,784 [app.py:register_local_handler()] - Registering HTTP Endpoint: (GET) /api/printerprofiles
2023-09-12 17:17:55,785 [app.py:register_local_handler()] - Registering HTTP Endpoint: (POST) /api/files/moonraker/(?P<relative_path>.+)
2023-09-12 17:17:55,786 [server.py:load_component()] - Component (octoprint_compat) loaded
2023-09-12 17:17:55,798 [authorization.py:__init__()] - Authorization Configuration Loaded
Trusted Clients:
10.0.0.0/8
127.0.0.0/8
169.254.0.0/16
172.16.0.0/12
192.168.0.0/16
fe80::/10
::1/128
CORS Domains:
.*\.lan
.*\.local
.*://localhost
.*://localhost:.*
.*://my\.mainsail\.xyz
.*://app\.fluidd\.xyz
2023-09-12 17:17:55,798 [app.py:register_local_handler()] - Registering HTTP Endpoint: (POST) /access/login
2023-09-12 17:17:55,799 [websockets.py:register_api_handler()] - Registering Websocket JSON-RPC methods: access.login
2023-09-12 17:17:55,799 [app.py:register_local_handler()] - Registering HTTP Endpoint: (POST) /access/logout
2023-09-12 17:17:55,799 [websockets.py:register_api_handler()] - Registering Websocket JSON-RPC methods: access.logout
2023-09-12 17:17:55,799 [app.py:register_local_handler()] - Registering HTTP Endpoint: (POST) /access/refresh_jwt
2023-09-12 17:17:55,800 [websockets.py:register_api_handler()] - Registering Websocket JSON-RPC methods: access.refresh_jwt
2023-09-12 17:17:55,800 [app.py:register_local_handler()] - Registering HTTP Endpoint: (GET POST DELETE) /access/user
2023-09-12 17:17:55,800 [websockets.py:register_api_handler()] - Registering Websocket JSON-RPC methods: access.get_user, access.post_user, access.delete_user
2023-09-12 17:17:55,800 [app.py:register_local_handler()] - Registering HTTP Endpoint: (GET) /access/users/list
2023-09-12 17:17:55,801 [websockets.py:register_api_handler()] - Registering Websocket JSON-RPC methods: access.users.list
2023-09-12 17:17:55,801 [app.py:register_local_handler()] - Registering HTTP Endpoint: (POST) /access/user/password
2023-09-12 17:17:55,801 [websockets.py:register_api_handler()] - Registering Websocket JSON-RPC methods: access.user.password
2023-09-12 17:17:55,801 [app.py:register_local_handler()] - Registering HTTP Endpoint: (GET POST) /access/api_key
2023-09-12 17:17:55,801 [websockets.py:register_api_handler()] - Registering Websocket JSON-RPC methods: access.get_api_key, access.post_api_key
2023-09-12 17:17:55,802 [app.py:register_local_handler()] - Registering HTTP Endpoint: (GET) /access/oneshot_token
2023-09-12 17:17:55,802 [websockets.py:register_api_handler()] - Registering Websocket JSON-RPC methods: access.oneshot_token
2023-09-12 17:17:55,806 [app.py:register_local_handler()] - Registering HTTP Endpoint: (GET) /access/info
2023-09-12 17:17:55,806 [websockets.py:register_api_handler()] - Registering Websocket JSON-RPC methods: access.info
2023-09-12 17:17:55,806 [server.py:load_component()] - Component (authorization) loaded
2023-09-12 17:17:55,888 [base_deploy.py:log_info()] - Git Repo moonraker: Detected virtualenv: /home/pi/moonraker-env
2023-09-12 17:17:55,892 [base_deploy.py:log_info()] - Git Repo klipper: Detected virtualenv: /home/pi/klippy-env
2023-09-12 17:17:55,900 [app.py:register_local_handler()] - Registering HTTP Endpoint: (POST) /machine/update/moonraker
2023-09-12 17:17:55,901 [websockets.py:register_api_handler()] - Registering Websocket JSON-RPC methods: machine.update.moonraker
2023-09-12 17:17:55,901 [app.py:register_local_handler()] - Registering HTTP Endpoint: (POST) /machine/update/klipper
2023-09-12 17:17:55,901 [websockets.py:register_api_handler()] - Registering Websocket JSON-RPC methods: machine.update.klipper
2023-09-12 17:17:55,901 [app.py:register_local_handler()] - Registering HTTP Endpoint: (POST) /machine/update/system
2023-09-12 17:17:55,902 [websockets.py:register_api_handler()] - Registering Websocket JSON-RPC methods: machine.update.system
2023-09-12 17:17:55,902 [app.py:register_local_handler()] - Registering HTTP Endpoint: (POST) /machine/update/client
2023-09-12 17:17:55,902 [websockets.py:register_api_handler()] - Registering Websocket JSON-RPC methods: machine.update.client
2023-09-12 17:17:55,902 [app.py:register_local_handler()] - Registering HTTP Endpoint: (POST) /machine/update/full
2023-09-12 17:17:55,902 [websockets.py:register_api_handler()] - Registering Websocket JSON-RPC methods: machine.update.full
2023-09-12 17:17:55,903 [app.py:register_local_handler()] - Registering HTTP Endpoint: (GET) /machine/update/status
2023-09-12 17:17:55,903 [websockets.py:register_api_handler()] - Registering Websocket JSON-RPC methods: machine.update.status
2023-09-12 17:17:55,903 [app.py:register_local_handler()] - Registering HTTP Endpoint: (POST) /machine/update/refresh
2023-09-12 17:17:55,903 [websockets.py:register_api_handler()] - Registering Websocket JSON-RPC methods: machine.update.refresh
2023-09-12 17:17:55,904 [app.py:register_local_handler()] - Registering HTTP Endpoint: (POST) /machine/update/recover
2023-09-12 17:17:55,904 [websockets.py:register_api_handler()] - Registering Websocket JSON-RPC methods: machine.update.recover
2023-09-12 17:17:55,904 [app.py:register_local_handler()] - Registering HTTP Endpoint: (POST) /machine/update/rollback
2023-09-12 17:17:55,904 [websockets.py:register_api_handler()] - Registering Websocket JSON-RPC methods: machine.update.rollback
2023-09-12 17:17:55,905 [server.py:load_component()] - Component (update_manager) loaded
2023-09-12 17:17:55,908 [app.py:register_local_handler()] - Registering HTTP Endpoint: (GET DELETE) /server/history/job
2023-09-12 17:17:55,909 [websockets.py:register_api_handler()] - Registering Websocket JSON-RPC methods: server.history.get_job, server.history.delete_job
2023-09-12 17:17:55,909 [app.py:register_local_handler()] - Registering HTTP Endpoint: (GET) /server/history/list
2023-09-12 17:17:55,909 [websockets.py:register_api_handler()] - Registering Websocket JSON-RPC methods: server.history.list
2023-09-12 17:17:55,909 [app.py:register_local_handler()] - Registering HTTP Endpoint: (GET) /server/history/totals
2023-09-12 17:17:55,909 [websockets.py:register_api_handler()] - Registering Websocket JSON-RPC methods: server.history.totals
2023-09-12 17:17:55,910 [app.py:register_local_handler()] - Registering HTTP Endpoint: (POST) /server/history/reset_totals
2023-09-12 17:17:55,910 [websockets.py:register_api_handler()] - Registering Websocket JSON-RPC methods: server.history.reset_totals
2023-09-12 17:17:55,910 [server.py:load_component()] - Component (history) loaded
2023-09-12 17:17:55,919 [server.py:_initialize_component()] - Performing Component Post Init: [dbus_manager]
2023-09-12 17:17:55,934 [server.py:_initialize_component()] - Performing Component Post Init: [file_manager]
2023-09-12 17:17:55,938 [server.py:_initialize_component()] - Performing Component Post Init: [machine]
2023-09-12 17:17:55,939 [machine.py:validation_init()] - Installation version in database up to date
2023-09-12 17:17:56,113 [machine.py:check_virt_status()] - No Virtualization Detected
2023-09-12 17:17:56,128 [machine.py:_find_public_ip()] - Detected Local IP: 192.168.2.173
2023-09-12 17:17:56,132 [webcam.py:_set_default_host_ip()] - Default public webcam address set: http://192.168.2.173
2023-09-12 17:17:56,252 [server.py:add_log_rollover_item()] - 
Systemd unit moonraker.service:
unit_name: moonraker.service
is_default: True
manager: systemd
Properties:
**Requires=['-.mount', 'sysinit.target', 'system.slice', 'network-online.target']
**After=['-.mount', 'sysinit.target', 'basic.target', 'systemd-journald.socket', 'system.slice', 'network-online.target']
**SupplementaryGroups=['moonraker-admin']
**EnvironmentFiles=/home/pi/printer_data/systemd/moonraker.env
**ExecStart=/home/pi/moonraker-env/bin/python $MOONRAKER_ARGS
**WorkingDirectory=/home/pi/moonraker
**FragmentPath=/etc/systemd/system/moonraker.service
**Description=API Server for Klipper SV1
**User=pi
2023-09-12 17:17:56,252 [server.py:_initialize_component()] - Performing Component Post Init: [proc_stats]
2023-09-12 17:17:56,252 [server.py:_initialize_component()] - Performing Component Post Init: [announcements]
2023-09-12 17:17:56,254 [server.py:_initialize_component()] - Performing Component Post Init: [webcam]
2023-09-12 17:17:56,255 [webcam.py:_set_default_host_ip()] - Default public webcam address set: http://192.168.2.173
2023-09-12 17:17:56,256 [server.py:_initialize_component()] - Performing Component Post Init: [klippy_connection]
2023-09-12 17:17:56,257 [server.py:add_log_rollover_item()] - 
Systemd unit klipper.service:
unit_name: klipper.service
is_default: True
manager: systemd
Properties:
**Requires=['-.mount', 'sysinit.target', 'system.slice']
**After=['basic.target', 'systemd-journald.socket', '-.mount', 'system.slice', 'network-online.target', 'sysinit.target']
**SupplementaryGroups=[]
**EnvironmentFiles=/home/pi/printer_data/systemd/klipper.env
**ExecStart=/home/pi/klippy-env/bin/python $KLIPPER_ARGS
**WorkingDirectory=/home/pi/klipper
**FragmentPath=/etc/systemd/system/klipper.service
**Description=Klipper 3D Printer Firmware SV1
**User=pi
2023-09-12 17:17:56,257 [server.py:_initialize_component()] - Performing Component Post Init: [authorization]
2023-09-12 17:17:56,257 [server.py:_initialize_component()] - Performing Component Post Init: [update_manager]
2023-09-12 17:17:56,313 [base_deploy.py:log_info()] - PackageDeploy: PackageKit Provider Configured
2023-09-12 17:17:56,843 [git_deploy.py:log_repo_info()] - Git Repo moonraker Detected:
Owner: Arksine
Repository Name: moonraker
Path: /home/pi/moonraker
Remote: origin
Branch: master
Remote URL: https://github.com/Arksine/moonraker.git
Recovery URL: https://github.com/Arksine/moonraker.git
Current Commit SHA: 3d9052d711464cb5ea81cde99769c8f1fd7d3f8d
Upstream Commit SHA: 3d9052d711464cb5ea81cde99769c8f1fd7d3f8d
Current Version: v0.8.0-139-g3d9052d7
Upstream Version: v0.8.0-139-g3d9052d7
Rollback Commit: fe120952ee06607d039af8f461028e9f5b817395
Rollback Branch: master
Rollback Version: v0.8.0-138-gfe120952
Is Dirty: False
Is Detached: False
Is Shallow: False
Commits Behind Count: 0
Diverged: False
2023-09-12 17:17:57,373 [git_deploy.py:log_repo_info()] - Git Repo klipper Detected:
Owner: Klipper3d
Repository Name: klipper
Path: /home/pi/klipper
Remote: origin
Branch: master
Remote URL: https://github.com/Klipper3d/klipper
Recovery URL: https://github.com/Klipper3d/klipper
Current Commit SHA: 8ef0f7d7e3d3b2ac7bc1e80ed3295ceca6bba4e7
Upstream Commit SHA: 8ef0f7d7e3d3b2ac7bc1e80ed3295ceca6bba4e7
Current Version: v0.11.0-275-g8ef0f7d7
Upstream Version: v0.11.0-275-g8ef0f7d7
Rollback Commit: 5f990f93d533247d3a675e8c423280f4333ad8ce
Rollback Branch: master
Rollback Version: v0.11.0-271-g5f990f93
Is Dirty: False
Is Detached: False
Is Shallow: False
Commits Behind Count: 0
Diverged: False
Repo Warnings:
  Repo has untracked source files: ['klippy/extras/gcode_shell_command.py']
2023-09-12 17:17:57,903 [git_deploy.py:log_repo_info()] - Git Repo mainsail-config Detected:
Owner: mainsail-crew
Repository Name: mainsail-config
Path: /home/pi/mainsail-config
Remote: origin
Branch: master
Remote URL: https://github.com/mainsail-crew/mainsail-config.git
Recovery URL: https://github.com/mainsail-crew/mainsail-config.git
Current Commit SHA: c64d3af97a277ffdf607a398cc838991bcda069b
Upstream Commit SHA: c64d3af97a277ffdf607a398cc838991bcda069b
Current Version: v1.0.0-16-gc64d3af9
Upstream Version: v1.0.0-16-gc64d3af9
Rollback Commit: c64d3af97a277ffdf607a398cc838991bcda069b
Rollback Branch: master
Rollback Version: v1.0.0-16-gc64d3af9
Is Dirty: False
Is Detached: False
Is Shallow: False
Commits Behind Count: 0
Diverged: False
2023-09-12 17:17:57,908 [web_deploy.py:_log_client_info()] - Web Client mainsail Detected:
Repo: mainsail-crew/mainsail
Channel: stable
Path: /home/pi/mainsail
Local Version: v2.7.1
Remote Version: v2.7.1
Valid: True
Fallback Client Detected: False
Pre-release: False
Download Url: https://github.com/mainsail-crew/mainsail/releases/download/v2.7.1/mainsail.zip
Download Size: 2114745
Content Type: application/zip
Rollback Version: v2.7.1
Rollback Repo: mainsail-crew/mainsail
2023-09-12 17:17:58,437 [git_deploy.py:log_repo_info()] - Git Repo crowsnest Detected:
Owner: mainsail-crew
Repository Name: crowsnest
Path: /home/pi/crowsnest
Remote: origin
Branch: master
Remote URL: https://github.com/mainsail-crew/crowsnest.git
Recovery URL: https://github.com/mainsail-crew/crowsnest.git
Current Commit SHA: c9bc30414e10e0fadf20e379b614b28869783c22
Upstream Commit SHA: c9bc30414e10e0fadf20e379b614b28869783c22
Current Version: v4.0.4-0-gc9bc3041
Upstream Version: v4.0.4-0-gc9bc3041
Rollback Commit: f6e2156ab30d326f048e9de8f680c9f12be792d8
Rollback Branch: master
Rollback Version: v4.0.3-0-gf6e2156a
Is Dirty: False
Is Detached: False
Is Shallow: False
Commits Behind Count: 0
Diverged: False
2023-09-12 17:17:58,966 [git_deploy.py:log_repo_info()] - Git Repo canboot Detected:
Owner: Arksine
Repository Name: CanBoot
Path: /home/pi/CanBoot
Remote: origin
Branch: master
Remote URL: https://github.com/Arksine/CanBoot
Recovery URL: https://github.com/Arksine/CanBoot
Current Commit SHA: abd154526ded2f895028b2fd06ccf79476b9bc22
Upstream Commit SHA: abd154526ded2f895028b2fd06ccf79476b9bc22
Current Version: v0.0.1-57-gabd15452
Upstream Version: v0.0.1-57-gabd15452
Rollback Commit: abd154526ded2f895028b2fd06ccf79476b9bc22
Rollback Branch: master
Rollback Version: v0.0.1-57-gabd15452
Is Dirty: False
Is Detached: False
Is Shallow: False
Commits Behind Count: 0
Diverged: False
2023-09-12 17:17:59,495 [git_deploy.py:log_repo_info()] - Git Repo klipper-backup Detected:
Owner: JosephBlanz
Repository Name: V2
Path: /home/pi/klipper-backup
Remote: origin
Branch: main
Remote URL: https://github.com/JosephBlanz/V2.4-backup.git
Recovery URL: https://github.com/JosephBlanz/V2.4-backup.git
Current Commit SHA: 707f5b02e3b748d00922def2ee4de8737e9c4d39
Upstream Commit SHA: 707f5b02e3b748d00922def2ee4de8737e9c4d39
Current Version: v0.0.0-43-g707f5b02-inferred
Upstream Version: v0.0.0-43-inferred
Rollback Commit: 49833387caa8bc74d5611d544f9b4002c989b0c5
Rollback Branch: main
Rollback Version: 49833387
Is Dirty: False
Is Detached: False
Is Shallow: False
Commits Behind Count: 0
Diverged: False
Repo Warnings:
  Unofficial remote url: https://github.com/JosephBlanz/V2.4-backup.git
2023-09-12 17:17:59,496 [base_deploy.py:log_info()] - PackageKit: Next refresh in: 6 Days, 23 Hours, 59 Minutes, 49 Seconds
2023-09-12 17:17:59,496 [base_deploy.py:log_info()] - Git Repo moonraker: Next refresh in: 6 Days, 23 Hours, 59 Minutes, 55 Seconds
2023-09-12 17:17:59,496 [base_deploy.py:log_info()] - Git Repo klipper: Next refresh in: 6 Days, 23 Hours, 59 Minutes, 52 Seconds
2023-09-12 17:17:59,497 [base_deploy.py:log_info()] - Git Repo mainsail-config: Next refresh in: 6 Days, 23 Hours, 58 Minutes, 51 Seconds
2023-09-12 17:17:59,497 [base_deploy.py:log_info()] - Web Client mainsail: Next refresh in: 6 Days, 23 Hours, 58 Minutes, 52 Seconds
2023-09-12 17:17:59,497 [base_deploy.py:log_info()] - Git Repo crowsnest: Next refresh in: 6 Days, 23 Hours, 58 Minutes, 53 Seconds
2023-09-12 17:17:59,497 [base_deploy.py:log_info()] - Git Repo canboot: Next refresh in: 6 Days, 23 Hours, 58 Minutes, 54 Seconds
2023-09-12 17:17:59,497 [base_deploy.py:log_info()] - Git Repo klipper-backup: Next refresh in: 6 Days, 23 Hours, 58 Minutes, 56 Seconds
2023-09-12 17:17:59,500 [extensions.py:start_unix_server()] - Creating Unix Domain Socket at '/home/pi/printer_data/comms/moonraker.sock'
2023-09-12 17:17:59,502 [server.py:start_server()] - Starting Moonraker on (0.0.0.0, 7125), Hostname: raspberrypi
2023-09-12 17:17:59,504 [app.py:listen()] - SSL Certificate/Key not configured, aborting HTTPS Server startup
2023-09-12 17:17:59,756 [klippy_connection.py:_do_connect()] - Klippy Connection Established
2023-09-12 17:18:00,072 [server.py:add_log_rollover_item()] - Klipper Version: v0.11.0-275-g8ef0f7d7-dirty
2023-09-12 17:18:00,079 [app.py:register_remote_handler()] - Registering HTTP endpoint: (GET POST) /printer/info
2023-09-12 17:18:00,079 [websockets.py:register_api_handler()] - Registering Websocket JSON-RPC methods: printer.info
2023-09-12 17:18:00,079 [app.py:register_remote_handler()] - Registering HTTP endpoint: (GET POST) /printer/emergency_stop
2023-09-12 17:18:00,080 [websockets.py:register_api_handler()] - Registering Websocket JSON-RPC methods: printer.emergency_stop
2023-09-12 17:18:00,080 [app.py:register_remote_handler()] - Registering HTTP endpoint: (GET POST) /printer/gcode/help
2023-09-12 17:18:00,080 [websockets.py:register_api_handler()] - Registering Websocket JSON-RPC methods: printer.gcode.help
2023-09-12 17:18:00,080 [app.py:register_remote_handler()] - Registering HTTP endpoint: (GET POST) /printer/gcode/script
2023-09-12 17:18:00,081 [websockets.py:register_api_handler()] - Registering Websocket JSON-RPC methods: printer.gcode.script
2023-09-12 17:18:00,081 [app.py:register_remote_handler()] - Registering HTTP endpoint: (GET POST) /printer/gcode/restart
2023-09-12 17:18:00,081 [websockets.py:register_api_handler()] - Registering Websocket JSON-RPC methods: printer.gcode.restart
2023-09-12 17:18:00,081 [app.py:register_remote_handler()] - Registering HTTP endpoint: (GET POST) /printer/gcode/firmware_restart
2023-09-12 17:18:00,081 [websockets.py:register_api_handler()] - Registering Websocket JSON-RPC methods: printer.gcode.firmware_restart
2023-09-12 17:18:00,082 [app.py:register_remote_handler()] - Registering HTTP endpoint: (GET POST) /printer/objects/list
2023-09-12 17:18:00,082 [websockets.py:register_api_handler()] - Registering Websocket JSON-RPC methods: printer.objects.list
2023-09-12 17:18:00,082 [app.py:register_remote_handler()] - Registering HTTP endpoint: (GET POST) /printer/objects/query
2023-09-12 17:18:00,082 [websockets.py:register_api_handler()] - Registering Websocket JSON-RPC methods: printer.objects.query
2023-09-12 17:18:00,082 [app.py:register_remote_handler()] - Registering HTTP endpoint: (GET POST) /printer/objects/subscribe
2023-09-12 17:18:00,083 [websockets.py:register_api_handler()] - Registering Websocket JSON-RPC methods: printer.objects.subscribe
2023-09-12 17:18:00,083 [app.py:register_remote_handler()] - Registering HTTP endpoint: (GET POST) /printer/pause_resume/cancel
2023-09-12 17:18:00,083 [websockets.py:register_api_handler()] - Registering Websocket JSON-RPC methods: printer.pause_resume.cancel
2023-09-12 17:18:00,083 [app.py:register_remote_handler()] - Registering HTTP endpoint: (GET POST) /printer/pause_resume/pause
2023-09-12 17:18:00,084 [websockets.py:register_api_handler()] - Registering Websocket JSON-RPC methods: printer.pause_resume.pause
2023-09-12 17:18:00,084 [app.py:register_remote_handler()] - Registering HTTP endpoint: (GET POST) /printer/pause_resume/resume
2023-09-12 17:18:00,084 [websockets.py:register_api_handler()] - Registering Websocket JSON-RPC methods: printer.pause_resume.resume
2023-09-12 17:18:00,084 [app.py:register_remote_handler()] - Registering HTTP endpoint: (GET POST) /printer/adxl345/dump_adxl345
2023-09-12 17:18:00,085 [websockets.py:register_api_handler()] - Registering Websocket JSON-RPC methods: printer.adxl345.dump_adxl345
2023-09-12 17:18:00,085 [app.py:register_remote_handler()] - Registering HTTP endpoint: (GET POST) /printer/motion_report/dump_stepper
2023-09-12 17:18:00,085 [websockets.py:register_api_handler()] - Registering Websocket JSON-RPC methods: printer.motion_report.dump_stepper
2023-09-12 17:18:00,085 [app.py:register_remote_handler()] - Registering HTTP endpoint: (GET POST) /printer/query_endstops/status
2023-09-12 17:18:00,086 [websockets.py:register_api_handler()] - Registering Websocket JSON-RPC methods: printer.query_endstops.status
2023-09-12 17:18:00,086 [app.py:register_remote_handler()] - Registering HTTP endpoint: (GET POST) /printer/motion_report/dump_trapq
2023-09-12 17:18:00,086 [websockets.py:register_api_handler()] - Registering Websocket JSON-RPC methods: printer.motion_report.dump_trapq
2023-09-12 17:18:00,088 [klippy_connection.py:_request_initial_subscriptions()] - Webhooks Subscribed
2023-09-12 17:18:00,090 [klippy_connection.py:_request_initial_subscriptions()] - GCode Output Subscribed
2023-09-12 17:18:00,339 [job_state.py:_handle_started()] - Job state initialized: standby
2023-09-12 17:18:00,599 [klippy_connection.py:_check_ready()] - Klippy ready
2023-09-12 17:18:01,092 [data_store.py:_init_sensors()] - Configuring available sensors: ['temperature_sensor M8P', 'temperature_sensor CM4', 'temperature_sensor SB2240', 'heater_bed', 'extruder', 'tmc2240 extruder']
2023-09-12 17:18:04,960 [authorization.py:_check_trusted_connection()] - Trusted Connection Detected, IP: 192.168.2.129
2023-09-12 17:18:04,963 [app.py:log_request()] - 101 GET /websocket (192.168.2.129) [_TRUSTED_USER_] 6.43ms
2023-09-12 17:18:04,964 [websockets.py:open()] - Websocket Opened: ID: 547612684976, Proxied: True, User Agent: Mozilla/5.0 (Macintosh; Intel Mac OS X 10_15_7) AppleWebKit/605.1.15 (KHTML, like Gecko) Version/16.6 Safari/605.1.15, Host Name: 192.168.2.173
2023-09-12 17:18:04,967 [websockets.py:_handle_identify()] - Websocket 547612684976 Client Identified - Name: mainsail, Version: 2.7.1, Type: web
2023-09-12 17:18:07,888 [websockets.py:on_close()] - Websocket Closed: ID: 547612684976 Close Code: 1001, Close Reason: None, Pong Time Elapsed: 2.93
2023-09-12 17:18:08,339 [app.py:log_request()] - 101 GET /websocket (192.168.2.129) [_TRUSTED_USER_] 5.56ms
2023-09-12 17:18:08,340 [websockets.py:open()] - Websocket Opened: ID: 547612547872, Proxied: True, User Agent: Mozilla/5.0 (Macintosh; Intel Mac OS X 10_15_7) AppleWebKit/605.1.15 (KHTML, like Gecko) Version/16.6 Safari/605.1.15, Host Name: 192.168.2.173
2023-09-12 17:18:08,352 [websockets.py:_handle_identify()] - Websocket 547612547872 Client Identified - Name: mainsail, Version: 2.7.1, Type: web
2023-09-12 18:22:56,275 [authorization.py:_prune_conn_handler()] - Trusted Connection Expired, IP: 192.168.2.129
2023-09-12 18:30:18,479 [websockets.py:write_to_socket()] - Websocket closed while writing: 547612547872
2023-09-12 18:30:23,345 [websockets.py:on_close()] - Websocket Closed: ID: 547612547872 Close Code: None, Close Reason: None, Pong Time Elapsed: 45.00
2023-09-12 19:20:40,991 [authorization.py:_check_trusted_connection()] - Trusted Connection Detected, IP: 192.168.2.129
2023-09-12 19:20:40,995 [app.py:log_request()] - 101 GET /websocket (192.168.2.129) [_TRUSTED_USER_] 7.46ms
2023-09-12 19:20:40,995 [websockets.py:open()] - Websocket Opened: ID: 547561512528, Proxied: True, User Agent: Mozilla/5.0 (Macintosh; Intel Mac OS X 10_15_7) AppleWebKit/605.1.15 (KHTML, like Gecko) Version/16.6 Safari/605.1.15, Host Name: 192.168.2.173
2023-09-12 19:20:41,001 [websockets.py:_handle_identify()] - Websocket 547561512528 Client Identified - Name: mainsail, Version: 2.7.1, Type: web
2023-09-12 19:27:30,827 [websockets.py:on_close()] - Websocket Closed: ID: 547561512528 Close Code: None, Close Reason: None, Pong Time Elapsed: 9.83
2023-09-12 20:22:56,304 [authorization.py:_prune_conn_handler()] - Trusted Connection Expired, IP: 192.168.2.129
